<?xml version="1.0" encoding="UTF-8"?>
<coverage generated="1754586505067" clover="3.2.0">
  <project timestamp="1754586505067" name="All files">
    <metrics statements="421" coveredstatements="252" conditionals="42" coveredconditionals="26" methods="256" coveredmethods="155" elements="719" coveredelements="433" complexity="0" loc="421" ncloc="421" packages="19" files="29" classes="29"/>
    <package name="src">
      <metrics statements="20" coveredstatements="7" conditionals="6" coveredconditionals="0" methods="7" coveredmethods="3"/>
      <file name="App.tsx" path="C:\Users\ecamillo\Documents\LevelUp\Frontend\el-skin-webapp\src\App.tsx">
        <metrics statements="1" coveredstatements="0" conditionals="0" coveredconditionals="0" methods="1" coveredmethods="0"/>
        <line num="10" count="0" type="stmt"/>
      </file>
      <file name="index.tsx" path="C:\Users\ecamillo\Documents\LevelUp\Frontend\el-skin-webapp\src\index.tsx">
        <metrics statements="3" coveredstatements="0" conditionals="0" coveredconditionals="0" methods="0" coveredmethods="0"/>
        <line num="6" count="0" type="stmt"/>
        <line num="9" count="0" type="stmt"/>
        <line num="18" count="0" type="stmt"/>
      </file>
      <file name="reportWebVitals.ts" path="C:\Users\ecamillo\Documents\LevelUp\Frontend\el-skin-webapp\src\reportWebVitals.ts">
        <metrics statements="8" coveredstatements="0" conditionals="4" coveredconditionals="0" methods="2" coveredmethods="0"/>
        <line num="3" count="0" type="stmt"/>
        <line num="4" count="0" type="cond" truecount="0" falsecount="4"/>
        <line num="5" count="0" type="stmt"/>
        <line num="6" count="0" type="stmt"/>
        <line num="7" count="0" type="stmt"/>
        <line num="8" count="0" type="stmt"/>
        <line num="9" count="0" type="stmt"/>
        <line num="10" count="0" type="stmt"/>
      </file>
      <file name="routes.tsx" path="C:\Users\ecamillo\Documents\LevelUp\Frontend\el-skin-webapp\src\routes.tsx">
        <metrics statements="1" coveredstatements="0" conditionals="0" coveredconditionals="0" methods="1" coveredmethods="0"/>
        <line num="10" count="0" type="stmt"/>
      </file>
      <file name="test-utils.tsx" path="C:\Users\ecamillo\Documents\LevelUp\Frontend\el-skin-webapp\src\test-utils.tsx">
        <metrics statements="7" coveredstatements="7" conditionals="2" coveredconditionals="0" methods="3" coveredmethods="3"/>
        <line num="11" count="7" type="stmt"/>
        <line num="12" count="21" type="stmt"/>
        <line num="25" count="7" type="stmt"/>
        <line num="28" count="20" type="stmt"/>
        <line num="30" count="7" type="stmt"/>
        <line num="33" count="1" type="stmt"/>
        <line num="34" count="1" type="stmt"/>
      </file>
    </package>
    <package name="src.components.Banner">
      <metrics statements="12" coveredstatements="0" conditionals="0" coveredconditionals="0" methods="7" coveredmethods="0"/>
      <file name="Banner.tsx" path="C:\Users\ecamillo\Documents\LevelUp\Frontend\el-skin-webapp\src\components\Banner\Banner.tsx">
        <metrics statements="12" coveredstatements="0" conditionals="0" coveredconditionals="0" methods="7" coveredmethods="0"/>
        <line num="4" count="0" type="stmt"/>
        <line num="15" count="0" type="stmt"/>
        <line num="17" count="0" type="stmt"/>
        <line num="22" count="0" type="stmt"/>
        <line num="28" count="0" type="stmt"/>
        <line num="29" count="0" type="stmt"/>
        <line num="33" count="0" type="stmt"/>
        <line num="34" count="0" type="stmt"/>
        <line num="37" count="0" type="stmt"/>
        <line num="38" count="0" type="stmt"/>
        <line num="39" count="0" type="stmt"/>
        <line num="41" count="0" type="stmt"/>
      </file>
    </package>
    <package name="src.components.Carousel">
      <metrics statements="40" coveredstatements="0" conditionals="4" coveredconditionals="0" methods="26" coveredmethods="0"/>
      <file name="Carousel.tsx" path="C:\Users\ecamillo\Documents\LevelUp\Frontend\el-skin-webapp\src\components\Carousel\Carousel.tsx">
        <metrics statements="40" coveredstatements="0" conditionals="4" coveredconditionals="0" methods="26" coveredmethods="0"/>
        <line num="18" count="0" type="stmt"/>
        <line num="20" count="0" type="stmt"/>
        <line num="22" count="0" type="stmt"/>
        <line num="25" count="0" type="cond" truecount="0" falsecount="2"/>
        <line num="29" count="0" type="cond" truecount="0" falsecount="2"/>
        <line num="32" count="0" type="stmt"/>
        <line num="33" count="0" type="stmt"/>
        <line num="37" count="0" type="stmt"/>
        <line num="38" count="0" type="stmt"/>
        <line num="42" count="0" type="stmt"/>
        <line num="43" count="0" type="stmt"/>
        <line num="44" count="0" type="stmt"/>
        <line num="47" count="0" type="stmt"/>
        <line num="48" count="0" type="stmt"/>
        <line num="52" count="0" type="stmt"/>
        <line num="81" count="0" type="stmt"/>
        <line num="105" count="0" type="stmt"/>
        <line num="114" count="0" type="stmt"/>
        <line num="122" count="0" type="stmt"/>
        <line num="127" count="0" type="stmt"/>
        <line num="132" count="0" type="stmt"/>
        <line num="141" count="0" type="stmt"/>
        <line num="152" count="0" type="stmt"/>
        <line num="156" count="0" type="stmt"/>
        <line num="160" count="0" type="stmt"/>
        <line num="161" count="0" type="stmt"/>
        <line num="163" count="0" type="stmt"/>
        <line num="171" count="0" type="stmt"/>
        <line num="173" count="0" type="stmt"/>
        <line num="174" count="0" type="stmt"/>
        <line num="181" count="0" type="stmt"/>
        <line num="182" count="0" type="stmt"/>
        <line num="183" count="0" type="stmt"/>
        <line num="190" count="0" type="stmt"/>
        <line num="191" count="0" type="stmt"/>
        <line num="196" count="0" type="stmt"/>
        <line num="199" count="0" type="stmt"/>
        <line num="203" count="0" type="stmt"/>
        <line num="208" count="0" type="stmt"/>
        <line num="210" count="0" type="stmt"/>
      </file>
    </package>
    <package name="src.components.Cart">
      <metrics statements="61" coveredstatements="60" conditionals="6" coveredconditionals="5" methods="50" coveredmethods="49"/>
      <file name="Cart.tsx" path="C:\Users\ecamillo\Documents\LevelUp\Frontend\el-skin-webapp\src\components\Cart\Cart.tsx">
        <metrics statements="61" coveredstatements="60" conditionals="6" coveredconditionals="5" methods="50" coveredmethods="49"/>
        <line num="13" count="33" type="stmt"/>
        <line num="15" count="33" type="stmt"/>
        <line num="16" count="12" type="stmt"/>
        <line num="17" count="12" type="stmt"/>
        <line num="20" count="33" type="stmt"/>
        <line num="21" count="4" type="stmt"/>
        <line num="22" count="4" type="stmt"/>
        <line num="25" count="33" type="cond" truecount="2" falsecount="0"/>
        <line num="26" count="8" type="stmt"/>
        <line num="31" count="1" type="stmt"/>
        <line num="36" count="4" type="stmt"/>
        <line num="42" count="1" type="stmt"/>
        <line num="44" count="1" type="stmt"/>
        <line num="48" count="0" type="stmt"/>
        <line num="66" count="25" type="stmt"/>
        <line num="73" count="3" type="stmt"/>
        <line num="74" count="8" type="stmt"/>
        <line num="82" count="3" type="stmt"/>
        <line num="83" count="12" type="stmt"/>
        <line num="84" count="12" type="stmt"/>
        <line num="92" count="3" type="stmt"/>
        <line num="93" count="4" type="stmt"/>
        <line num="96" count="3" type="stmt"/>
        <line num="98" count="8" type="stmt"/>
        <line num="105" count="8" type="stmt"/>
        <line num="108" count="3" type="stmt"/>
        <line num="123" count="8" type="stmt"/>
        <line num="126" count="3" type="stmt"/>
        <line num="137" count="8" type="stmt"/>
        <line num="142" count="3" type="stmt"/>
        <line num="143" count="8" type="stmt"/>
        <line num="146" count="3" type="stmt"/>
        <line num="149" count="4" type="stmt"/>
        <line num="152" count="3" type="stmt"/>
        <line num="153" count="4" type="stmt"/>
        <line num="157" count="3" type="stmt"/>
        <line num="164" count="4" type="stmt"/>
        <line num="167" count="3" type="stmt"/>
        <line num="168" count="4" type="stmt"/>
        <line num="171" count="3" type="stmt"/>
        <line num="179" count="3" type="stmt"/>
        <line num="180" count="4" type="stmt"/>
        <line num="181" count="4" type="stmt"/>
        <line num="186" count="4" type="stmt"/>
        <line num="189" count="3" type="stmt"/>
        <line num="191" count="4" type="stmt"/>
        <line num="194" count="3" type="stmt"/>
        <line num="195" count="4" type="stmt"/>
        <line num="199" count="3" type="stmt"/>
        <line num="207" count="3" type="stmt"/>
        <line num="208" count="8" type="stmt"/>
        <line num="209" count="8" type="stmt"/>
        <line num="210" count="8" type="stmt"/>
        <line num="211" count="8" type="stmt"/>
        <line num="214" count="8" type="stmt"/>
        <line num="218" count="3" type="stmt"/>
        <line num="219" count="8" type="stmt"/>
        <line num="224" count="8" type="stmt"/>
        <line num="227" count="8" type="stmt"/>
        <line num="232" count="8" type="stmt"/>
        <line num="242" count="8" type="stmt"/>
      </file>
    </package>
    <package name="src.components.Footer">
      <metrics statements="42" coveredstatements="0" conditionals="0" coveredconditionals="0" methods="27" coveredmethods="0"/>
      <file name="Footer.tsx" path="C:\Users\ecamillo\Documents\LevelUp\Frontend\el-skin-webapp\src\components\Footer\Footer.tsx">
        <metrics statements="42" coveredstatements="0" conditionals="0" coveredconditionals="0" methods="27" coveredmethods="0"/>
        <line num="32" count="0" type="stmt"/>
        <line num="33" count="0" type="stmt"/>
        <line num="71" count="0" type="stmt"/>
        <line num="103" count="0" type="stmt"/>
        <line num="104" count="0" type="stmt"/>
        <line num="107" count="0" type="stmt"/>
        <line num="113" count="0" type="stmt"/>
        <line num="115" count="0" type="stmt"/>
        <line num="129" count="0" type="stmt"/>
        <line num="133" count="0" type="stmt"/>
        <line num="160" count="0" type="stmt"/>
        <line num="161" count="0" type="stmt"/>
        <line num="167" count="0" type="stmt"/>
        <line num="170" count="0" type="stmt"/>
        <line num="174" count="0" type="stmt"/>
        <line num="181" count="0" type="stmt"/>
        <line num="182" count="0" type="stmt"/>
        <line num="187" count="0" type="stmt"/>
        <line num="194" count="0" type="stmt"/>
        <line num="197" count="0" type="stmt"/>
        <line num="205" count="0" type="stmt"/>
        <line num="206" count="0" type="stmt"/>
        <line num="209" count="0" type="stmt"/>
        <line num="211" count="0" type="stmt"/>
        <line num="214" count="0" type="stmt"/>
        <line num="220" count="0" type="stmt"/>
        <line num="221" count="0" type="stmt"/>
        <line num="226" count="0" type="stmt"/>
        <line num="233" count="0" type="stmt"/>
        <line num="240" count="0" type="stmt"/>
        <line num="242" count="0" type="stmt"/>
        <line num="260" count="0" type="stmt"/>
        <line num="264" count="0" type="stmt"/>
        <line num="266" count="0" type="stmt"/>
        <line num="273" count="0" type="stmt"/>
        <line num="277" count="0" type="stmt"/>
        <line num="283" count="0" type="stmt"/>
        <line num="284" count="0" type="stmt"/>
        <line num="291" count="0" type="stmt"/>
        <line num="298" count="0" type="stmt"/>
        <line num="299" count="0" type="stmt"/>
        <line num="304" count="0" type="stmt"/>
      </file>
    </package>
    <package name="src.components.Header">
      <metrics statements="48" coveredstatements="47" conditionals="0" coveredconditionals="0" methods="35" coveredmethods="34"/>
      <file name="Header.tsx" path="C:\Users\ecamillo\Documents\LevelUp\Frontend\el-skin-webapp\src\components\Header\Header.tsx">
        <metrics statements="48" coveredstatements="47" conditionals="0" coveredconditionals="0" methods="35" coveredmethods="34"/>
        <line num="12" count="33" type="stmt"/>
        <line num="13" count="33" type="stmt"/>
        <line num="14" count="33" type="stmt"/>
        <line num="17" count="10" type="stmt"/>
        <line num="21" count="0" type="stmt"/>
        <line num="25" count="6" type="stmt"/>
        <line num="26" count="6" type="stmt"/>
        <line num="29" count="33" type="stmt"/>
        <line num="49" count="1" type="stmt"/>
        <line num="61" count="3" type="stmt"/>
        <line num="62" count="33" type="stmt"/>
        <line num="63" count="33" type="stmt"/>
        <line num="64" count="33" type="stmt"/>
        <line num="67" count="3" type="stmt"/>
        <line num="68" count="33" type="stmt"/>
        <line num="72" count="3" type="stmt"/>
        <line num="76" count="33" type="stmt"/>
        <line num="82" count="3" type="stmt"/>
        <line num="83" count="33" type="stmt"/>
        <line num="85" count="33" type="stmt"/>
        <line num="86" count="33" type="stmt"/>
        <line num="96" count="3" type="stmt"/>
        <line num="99" count="33" type="stmt"/>
        <line num="103" count="3" type="stmt"/>
        <line num="105" count="33" type="stmt"/>
        <line num="106" count="33" type="stmt"/>
        <line num="107" count="33" type="stmt"/>
        <line num="109" count="33" type="stmt"/>
        <line num="114" count="33" type="stmt"/>
        <line num="118" count="33" type="stmt"/>
        <line num="122" count="3" type="stmt"/>
        <line num="130" count="33" type="stmt"/>
        <line num="131" count="33" type="stmt"/>
        <line num="132" count="33" type="stmt"/>
        <line num="136" count="33" type="stmt"/>
        <line num="139" count="33" type="stmt"/>
        <line num="143" count="3" type="stmt"/>
        <line num="148" count="3" type="stmt"/>
        <line num="152" count="33" type="stmt"/>
        <line num="153" count="33" type="stmt"/>
        <line num="154" count="33" type="stmt"/>
        <line num="158" count="33" type="stmt"/>
        <line num="161" count="33" type="stmt"/>
        <line num="165" count="3" type="stmt"/>
        <line num="166" count="33" type="stmt"/>
        <line num="167" count="33" type="stmt"/>
        <line num="168" count="33" type="stmt"/>
        <line num="171" count="3" type="stmt"/>
      </file>
    </package>
    <package name="src.components.Navigation">
      <metrics statements="13" coveredstatements="13" conditionals="0" coveredconditionals="0" methods="7" coveredmethods="7"/>
      <file name="Navigation.tsx" path="C:\Users\ecamillo\Documents\LevelUp\Frontend\el-skin-webapp\src\components\Navigation\Navigation.tsx">
        <metrics statements="13" coveredstatements="13" conditionals="0" coveredconditionals="0" methods="7" coveredmethods="7"/>
        <line num="9" count="3" type="stmt"/>
        <line num="17" count="33" type="stmt"/>
        <line num="21" count="132" type="stmt"/>
        <line num="31" count="3" type="stmt"/>
        <line num="40" count="3" type="stmt"/>
        <line num="43" count="33" type="stmt"/>
        <line num="48" count="3" type="stmt"/>
        <line num="50" count="132" type="stmt"/>
        <line num="53" count="3" type="stmt"/>
        <line num="54" count="33" type="stmt"/>
        <line num="55" count="33" type="stmt"/>
        <line num="58" count="3" type="stmt"/>
        <line num="61" count="132" type="stmt"/>
      </file>
    </package>
    <package name="src.components.ProductCard">
      <metrics statements="40" coveredstatements="40" conditionals="8" coveredconditionals="8" methods="27" coveredmethods="27"/>
      <file name="ProductCard.tsx" path="C:\Users\ecamillo\Documents\LevelUp\Frontend\el-skin-webapp\src\components\ProductCard\ProductCard.tsx">
        <metrics statements="40" coveredstatements="40" conditionals="8" coveredconditionals="8" methods="27" coveredmethods="27"/>
        <line num="11" count="5" type="stmt"/>
        <line num="16" count="101" type="stmt"/>
        <line num="17" count="101" type="stmt"/>
        <line num="20" count="101" type="stmt"/>
        <line num="21" count="2" type="stmt"/>
        <line num="36" count="200" type="stmt"/>
        <line num="52" count="5" type="stmt"/>
        <line num="63" count="5" type="stmt"/>
        <line num="65" count="101" type="stmt"/>
        <line num="67" count="101" type="stmt"/>
        <line num="68" count="101" type="stmt"/>
        <line num="72" count="101" type="stmt"/>
        <line num="79" count="101" type="stmt"/>
        <line num="83" count="5" type="stmt"/>
        <line num="87" count="5" type="stmt"/>
        <line num="103" count="5" type="stmt"/>
        <line num="107" count="5" type="stmt"/>
        <line num="114" count="5" type="stmt"/>
        <line num="115" count="101" type="stmt"/>
        <line num="119" count="101" type="stmt"/>
        <line num="120" count="101" type="stmt"/>
        <line num="123" count="101" type="stmt"/>
        <line num="127" count="101" type="stmt"/>
        <line num="129" count="101" type="stmt"/>
        <line num="137" count="101" type="stmt"/>
        <line num="142" count="5" type="stmt"/>
        <line num="143" count="101" type="stmt"/>
        <line num="145" count="101" type="stmt"/>
        <line num="148" count="5" type="stmt"/>
        <line num="149" count="101" type="stmt"/>
        <line num="151" count="101" type="stmt"/>
        <line num="156" count="5" type="stmt"/>
        <line num="157" count="101" type="stmt"/>
        <line num="158" count="101" type="stmt"/>
        <line num="168" count="5" type="stmt"/>
        <line num="180" count="5" type="stmt"/>
        <line num="182" count="200" type="stmt"/>
        <line num="183" count="200" type="stmt"/>
        <line num="187" count="200" type="cond" truecount="4" falsecount="0"/>
        <line num="188" count="200" type="cond" truecount="4" falsecount="0"/>
      </file>
    </package>
    <package name="src.components.ProductGrid">
      <metrics statements="34" coveredstatements="31" conditionals="8" coveredconditionals="7" methods="14" coveredmethods="13"/>
      <file name="ProductGrid.tsx" path="C:\Users\ecamillo\Documents\LevelUp\Frontend\el-skin-webapp\src\components\ProductGrid\ProductGrid.tsx">
        <metrics statements="34" coveredstatements="31" conditionals="8" coveredconditionals="7" methods="14" coveredmethods="13"/>
        <line num="10" count="44" type="stmt"/>
        <line num="11" count="44" type="stmt"/>
        <line num="12" count="44" type="stmt"/>
        <line num="13" count="44" type="stmt"/>
        <line num="15" count="44" type="stmt"/>
        <line num="16" count="11" type="stmt"/>
        <line num="18" count="10" type="stmt"/>
        <line num="21" count="0" type="stmt"/>
        <line num="26" count="44" type="stmt"/>
        <line num="27" count="20" type="cond" truecount="2" falsecount="0"/>
        <line num="28" count="3" type="stmt"/>
        <line num="29" count="8" type="cond" truecount="2" falsecount="0"/>
        <line num="33" count="17" type="stmt"/>
        <line num="37" count="44" type="stmt"/>
        <line num="39" count="44" type="stmt"/>
        <line num="40" count="1" type="stmt"/>
        <line num="43" count="44" type="stmt"/>
        <line num="44" count="4" type="stmt"/>
        <line num="45" count="4" type="stmt"/>
        <line num="47" count="4" type="cond" truecount="1" falsecount="1"/>
        <line num="48" count="0" type="stmt"/>
        <line num="49" count="0" type="stmt"/>
        <line num="52" count="4" type="stmt"/>
        <line num="55" count="44" type="stmt"/>
        <line num="62" count="99" type="stmt"/>
        <line num="83" count="4" type="stmt"/>
        <line num="85" count="44" type="stmt"/>
        <line num="88" count="4" type="stmt"/>
        <line num="93" count="4" type="stmt"/>
        <line num="95" count="44" type="stmt"/>
        <line num="97" count="44" type="stmt"/>
        <line num="102" count="4" type="stmt"/>
        <line num="109" count="4" type="stmt"/>
        <line num="111" count="31" type="stmt"/>
      </file>
    </package>
    <package name="src.context">
      <metrics statements="16" coveredstatements="13" conditionals="2" coveredconditionals="1" methods="5" coveredmethods="4"/>
      <file name="CartContext.tsx" path="C:\Users\ecamillo\Documents\LevelUp\Frontend\el-skin-webapp\src\context\CartContext.tsx">
        <metrics statements="10" coveredstatements="8" conditionals="2" coveredconditionals="1" methods="2" coveredmethods="2"/>
        <line num="18" count="7" type="stmt"/>
        <line num="20" count="7" type="stmt"/>
        <line num="21" count="27" type="stmt"/>
        <line num="22" count="27" type="stmt"/>
        <line num="27" count="7" type="stmt"/>
        <line num="28" count="110" type="stmt"/>
        <line num="29" count="110" type="cond" truecount="1" falsecount="1"/>
        <line num="30" count="0" type="stmt"/>
        <line num="31" count="0" type="stmt"/>
        <line num="33" count="110" type="stmt"/>
      </file>
      <file name="SearchContext.tsx" path="C:\Users\ecamillo\Documents\LevelUp\Frontend\el-skin-webapp\src\context\SearchContext.tsx">
        <metrics statements="6" coveredstatements="5" conditionals="0" coveredconditionals="0" methods="3" coveredmethods="2"/>
        <line num="3" count="7" type="stmt"/>
        <line num="5" count="0" type="stmt"/>
        <line num="8" count="7" type="stmt"/>
        <line num="9" count="31" type="stmt"/>
        <line num="11" count="31" type="stmt"/>
        <line num="16" count="31" type="stmt"/>
      </file>
    </package>
    <package name="src.hooks">
      <metrics statements="25" coveredstatements="21" conditionals="8" coveredconditionals="5" methods="16" coveredmethods="12"/>
      <file name="useCart.ts" path="C:\Users\ecamillo\Documents\LevelUp\Frontend\el-skin-webapp\src\hooks\useCart.ts">
        <metrics statements="25" coveredstatements="21" conditionals="8" coveredconditionals="5" methods="16" coveredmethods="12"/>
        <line num="21" count="8" type="stmt"/>
        <line num="22" count="33" type="stmt"/>
        <line num="24" count="33" type="stmt"/>
        <line num="25" count="7" type="stmt"/>
        <line num="26" count="7" type="stmt"/>
        <line num="28" count="7" type="cond" truecount="2" falsecount="0"/>
        <line num="29" count="2" type="stmt"/>
        <line num="30" count="2" type="cond" truecount="1" falsecount="1"/>
        <line num="36" count="5" type="stmt"/>
        <line num="40" count="33" type="stmt"/>
        <line num="41" count="0" type="stmt"/>
        <line num="44" count="33" type="stmt"/>
        <line num="45" count="2" type="cond" truecount="1" falsecount="1"/>
        <line num="46" count="0" type="stmt"/>
        <line num="47" count="0" type="stmt"/>
        <line num="50" count="2" type="stmt"/>
        <line num="51" count="2" type="stmt"/>
        <line num="52" count="2" type="cond" truecount="1" falsecount="1"/>
        <line num="57" count="33" type="stmt"/>
        <line num="58" count="0" type="stmt"/>
        <line num="61" count="33" type="stmt"/>
        <line num="62" count="34" type="stmt"/>
        <line num="65" count="33" type="stmt"/>
        <line num="66" count="33" type="stmt"/>
        <line num="69" count="33" type="stmt"/>
      </file>
    </package>
    <package name="src.mocks">
      <metrics statements="6" coveredstatements="1" conditionals="0" coveredconditionals="0" methods="2" coveredmethods="0"/>
      <file name="carouselMock.ts" path="C:\Users\ecamillo\Documents\LevelUp\Frontend\el-skin-webapp\src\mocks\carouselMock.ts">
        <metrics statements="1" coveredstatements="0" conditionals="0" coveredconditionals="0" methods="0" coveredmethods="0"/>
        <line num="1" count="0" type="stmt"/>
      </file>
      <file name="handlers.ts" path="C:\Users\ecamillo\Documents\LevelUp\Frontend\el-skin-webapp\src\mocks\handlers.ts">
        <metrics statements="3" coveredstatements="0" conditionals="0" coveredconditionals="0" methods="2" coveredmethods="0"/>
        <line num="5" count="0" type="stmt"/>
        <line num="7" count="0" type="stmt"/>
        <line num="10" count="0" type="stmt"/>
      </file>
      <file name="node.ts" path="C:\Users\ecamillo\Documents\LevelUp\Frontend\el-skin-webapp\src\mocks\node.ts">
        <metrics statements="1" coveredstatements="0" conditionals="0" coveredconditionals="0" methods="0" coveredmethods="0"/>
        <line num="4" count="0" type="stmt"/>
      </file>
      <file name="productsMock.ts" path="C:\Users\ecamillo\Documents\LevelUp\Frontend\el-skin-webapp\src\mocks\productsMock.ts">
        <metrics statements="1" coveredstatements="1" conditionals="0" coveredconditionals="0" methods="0" coveredmethods="0"/>
        <line num="1" count="1" type="stmt"/>
      </file>
    </package>
    <package name="src.pages.About">
      <metrics statements="13" coveredstatements="13" conditionals="0" coveredconditionals="0" methods="4" coveredmethods="4"/>
      <file name="About.tsx" path="C:\Users\ecamillo\Documents\LevelUp\Frontend\el-skin-webapp\src\pages\About\About.tsx">
        <metrics statements="13" coveredstatements="13" conditionals="0" coveredconditionals="0" methods="4" coveredmethods="4"/>
        <line num="9" count="4" type="stmt"/>
        <line num="60" count="1" type="stmt"/>
        <line num="69" count="1" type="stmt"/>
        <line num="74" count="1" type="stmt"/>
        <line num="75" count="4" type="stmt"/>
        <line num="78" count="1" type="stmt"/>
        <line num="83" count="1" type="stmt"/>
        <line num="90" count="1" type="stmt"/>
        <line num="91" count="4" type="stmt"/>
        <line num="99" count="1" type="stmt"/>
        <line num="104" count="1" type="stmt"/>
        <line num="108" count="1" type="stmt"/>
        <line num="112" count="4" type="stmt"/>
      </file>
    </package>
    <package name="src.pages.Contact">
      <metrics statements="34" coveredstatements="0" conditionals="0" coveredconditionals="0" methods="19" coveredmethods="0"/>
      <file name="Contact.tsx" path="C:\Users\ecamillo\Documents\LevelUp\Frontend\el-skin-webapp\src\pages\Contact\Contact.tsx">
        <metrics statements="34" coveredstatements="0" conditionals="0" coveredconditionals="0" methods="19" coveredmethods="0"/>
        <line num="13" count="0" type="stmt"/>
        <line num="34" count="0" type="stmt"/>
        <line num="35" count="0" type="stmt"/>
        <line num="36" count="0" type="stmt"/>
        <line num="37" count="0" type="stmt"/>
        <line num="38" count="0" type="stmt"/>
        <line num="40" count="0" type="stmt"/>
        <line num="43" count="0" type="stmt"/>
        <line num="57" count="0" type="stmt"/>
        <line num="101" count="0" type="stmt"/>
        <line num="106" count="0" type="stmt"/>
        <line num="113" count="0" type="stmt"/>
        <line num="116" count="0" type="stmt"/>
        <line num="119" count="0" type="stmt"/>
        <line num="123" count="0" type="stmt"/>
        <line num="124" count="0" type="stmt"/>
        <line num="127" count="0" type="stmt"/>
        <line num="132" count="0" type="stmt"/>
        <line num="138" count="0" type="stmt"/>
        <line num="139" count="0" type="stmt"/>
        <line num="140" count="0" type="stmt"/>
        <line num="144" count="0" type="stmt"/>
        <line num="148" count="0" type="stmt"/>
        <line num="165" count="0" type="stmt"/>
        <line num="166" count="0" type="stmt"/>
        <line num="169" count="0" type="stmt"/>
        <line num="171" count="0" type="stmt"/>
        <line num="172" count="0" type="stmt"/>
        <line num="173" count="0" type="stmt"/>
        <line num="174" count="0" type="stmt"/>
        <line num="176" count="0" type="stmt"/>
        <line num="180" count="0" type="stmt"/>
        <line num="183" count="0" type="stmt"/>
        <line num="187" count="0" type="stmt"/>
      </file>
    </package>
    <package name="src.pages.Home">
      <metrics statements="1" coveredstatements="0" conditionals="0" coveredconditionals="0" methods="1" coveredmethods="0"/>
      <file name="Home.tsx" path="C:\Users\ecamillo\Documents\LevelUp\Frontend\el-skin-webapp\src\pages\Home\Home.tsx">
        <metrics statements="1" coveredstatements="0" conditionals="0" coveredconditionals="0" methods="1" coveredmethods="0"/>
        <line num="7" count="0" type="stmt"/>
      </file>
    </package>
    <package name="src.pages.NotFound">
      <metrics statements="6" coveredstatements="0" conditionals="0" coveredconditionals="0" methods="4" coveredmethods="0"/>
      <file name="NotFound.tsx" path="C:\Users\ecamillo\Documents\LevelUp\Frontend\el-skin-webapp\src\pages\NotFound\NotFound.tsx">
        <metrics statements="6" coveredstatements="0" conditionals="0" coveredconditionals="0" methods="4" coveredmethods="0"/>
        <line num="4" count="0" type="stmt"/>
        <line num="15" count="0" type="stmt"/>
        <line num="27" count="0" type="stmt"/>
        <line num="38" count="0" type="stmt"/>
        <line num="39" count="0" type="stmt"/>
        <line num="41" count="0" type="stmt"/>
      </file>
    </package>
    <package name="src.services">
      <metrics statements="5" coveredstatements="5" conditionals="0" coveredconditionals="0" methods="2" coveredmethods="2"/>
      <file name="api.ts" path="C:\Users\ecamillo\Documents\LevelUp\Frontend\el-skin-webapp\src\services\api.ts">
        <metrics statements="2" coveredstatements="2" conditionals="0" coveredconditionals="0" methods="1" coveredmethods="1"/>
        <line num="3" count="4" type="stmt"/>
        <line num="11" count="11" type="stmt"/>
      </file>
      <file name="productService.ts" path="C:\Users\ecamillo\Documents\LevelUp\Frontend\el-skin-webapp\src\services\productService.ts">
        <metrics statements="3" coveredstatements="3" conditionals="0" coveredconditionals="0" methods="1" coveredmethods="1"/>
        <line num="4" count="4" type="stmt"/>
        <line num="6" count="11" type="stmt"/>
        <line num="7" count="10" type="stmt"/>
      </file>
    </package>
    <package name="src.styles">
      <metrics statements="5" coveredstatements="1" conditionals="0" coveredconditionals="0" methods="3" coveredmethods="0"/>
      <file name="GlobalStyle.tsx" path="C:\Users\ecamillo\Documents\LevelUp\Frontend\el-skin-webapp\src\styles\GlobalStyle.tsx">
        <metrics statements="4" coveredstatements="0" conditionals="0" coveredconditionals="0" methods="3" coveredmethods="0"/>
        <line num="3" count="0" type="stmt"/>
        <line num="6" count="0" type="stmt"/>
        <line num="7" count="0" type="stmt"/>
        <line num="8" count="0" type="stmt"/>
      </file>
      <file name="theme.ts" path="C:\Users\ecamillo\Documents\LevelUp\Frontend\el-skin-webapp\src\styles\theme.ts">
        <metrics statements="1" coveredstatements="1" conditionals="0" coveredconditionals="0" methods="0" coveredmethods="0"/>
        <line num="1" count="7" type="stmt"/>
      </file>
    </package>
    <package name="src.types">
      <metrics statements="0" coveredstatements="0" conditionals="0" coveredconditionals="0" methods="0" coveredmethods="0"/>
      <file name="IProduct.ts" path="C:\Users\ecamillo\Documents\LevelUp\Frontend\el-skin-webapp\src\types\IProduct.ts">
        <metrics statements="0" coveredstatements="0" conditionals="0" coveredconditionals="0" methods="0" coveredmethods="0"/>
      </file>
    </package>
  </project>
</coverage>
