{"C:\\Users\\ecamillo\\Documents\\LevelUp\\Frontend\\el-skin-webapp\\src\\App.tsx": {"path":"C:\\Users\\ecamillo\\Documents\\LevelUp\\Frontend\\el-skin-webapp\\src\\App.tsx","statementMap":{"0":{"start":{"line":10,"column":2},"end":{"line":20,"column":4}}},"fnMap":{"0":{"name":"App","decl":{"start":{"line":9,"column":9},"end":{"line":9,"column":12}},"loc":{"start":{"line":9,"column":15},"end":{"line":21,"column":1}},"line":9}},"branchMap":{},"s":{"0":0},"f":{"0":0},"b":{}}
,"C:\\Users\\ecamillo\\Documents\\LevelUp\\Frontend\\el-skin-webapp\\src\\index.tsx": {"path":"C:\\Users\\ecamillo\\Documents\\LevelUp\\Frontend\\el-skin-webapp\\src\\index.tsx","statementMap":{"0":{"start":{"line":7,"column":13},"end":{"line":9,"column":1}},"1":{"start":{"line":10,"column":0},"end":{"line":14,"column":2}},"2":{"start":{"line":19,"column":0},"end":{"line":19,"column":18}}},"fnMap":{},"branchMap":{},"s":{"0":0,"1":0,"2":0},"f":{},"b":{}}
,"C:\\Users\\ecamillo\\Documents\\LevelUp\\Frontend\\el-skin-webapp\\src\\reportWebVitals.ts": {"path":"C:\\Users\\ecamillo\\Documents\\LevelUp\\Frontend\\el-skin-webapp\\src\\reportWebVitals.ts","statementMap":{"0":{"start":{"line":3,"column":24},"end":{"line":13,"column":1}},"1":{"start":{"line":4,"column":2},"end":{"line":12,"column":3}},"2":{"start":{"line":5,"column":4},"end":{"line":11,"column":7}},"3":{"start":{"line":6,"column":6},"end":{"line":6,"column":26}},"4":{"start":{"line":7,"column":6},"end":{"line":7,"column":26}},"5":{"start":{"line":8,"column":6},"end":{"line":8,"column":26}},"6":{"start":{"line":9,"column":6},"end":{"line":9,"column":26}},"7":{"start":{"line":10,"column":6},"end":{"line":10,"column":27}}},"fnMap":{"0":{"name":"(anonymous_0)","decl":{"start":{"line":3,"column":24},"end":{"line":3,"column":25}},"loc":{"start":{"line":3,"column":57},"end":{"line":13,"column":1}},"line":3},"1":{"name":"(anonymous_1)","decl":{"start":{"line":5,"column":30},"end":{"line":5,"column":31}},"loc":{"start":{"line":5,"column":79},"end":{"line":11,"column":5}},"line":5}},"branchMap":{"0":{"loc":{"start":{"line":4,"column":2},"end":{"line":12,"column":3}},"type":"if","locations":[{"start":{"line":4,"column":2},"end":{"line":12,"column":3}},{"start":{},"end":{}}],"line":4},"1":{"loc":{"start":{"line":4,"column":6},"end":{"line":4,"column":52}},"type":"binary-expr","locations":[{"start":{"line":4,"column":6},"end":{"line":4,"column":17}},{"start":{"line":4,"column":21},"end":{"line":4,"column":52}}],"line":4}},"s":{"0":0,"1":0,"2":0,"3":0,"4":0,"5":0,"6":0,"7":0},"f":{"0":0,"1":0},"b":{"0":[0,0],"1":[0,0]}}
,"C:\\Users\\ecamillo\\Documents\\LevelUp\\Frontend\\el-skin-webapp\\src\\routes.tsx": {"path":"C:\\Users\\ecamillo\\Documents\\LevelUp\\Frontend\\el-skin-webapp\\src\\routes.tsx","statementMap":{"0":{"start":{"line":10,"column":2},"end":{"line":21,"column":4}}},"fnMap":{"0":{"name":"AppRouter","decl":{"start":{"line":9,"column":24},"end":{"line":9,"column":33}},"loc":{"start":{"line":9,"column":36},"end":{"line":22,"column":1}},"line":9}},"branchMap":{},"s":{"0":0},"f":{"0":0},"b":{}}
,"C:\\Users\\ecamillo\\Documents\\LevelUp\\Frontend\\el-skin-webapp\\src\\test-utils.tsx": {"path":"C:\\Users\\ecamillo\\Documents\\LevelUp\\Frontend\\el-skin-webapp\\src\\test-utils.tsx","statementMap":{"0":{"start":{"line":9,"column":18},"end":{"line":19,"column":1}},"1":{"start":{"line":10,"column":2},"end":{"line":18,"column":4}},"2":{"start":{"line":21,"column":21},"end":{"line":24,"column":49}},"3":{"start":{"line":24,"column":5},"end":{"line":24,"column":49}},"4":{"start":{"line":26,"column":25},"end":{"line":34,"column":1}},"5":{"start":{"line":29,"column":2},"end":{"line":29,"column":51}},"6":{"start":{"line":30,"column":2},"end":{"line":33,"column":4}}},"fnMap":{"0":{"name":"(anonymous_0)","decl":{"start":{"line":9,"column":18},"end":{"line":9,"column":19}},"loc":{"start":{"line":9,"column":63},"end":{"line":19,"column":1}},"line":9},"1":{"name":"(anonymous_1)","decl":{"start":{"line":21,"column":21},"end":{"line":21,"column":22}},"loc":{"start":{"line":24,"column":5},"end":{"line":24,"column":49}},"line":24},"2":{"name":"(anonymous_2)","decl":{"start":{"line":26,"column":25},"end":{"line":26,"column":26}},"loc":{"start":{"line":28,"column":26},"end":{"line":34,"column":1}},"line":28}},"branchMap":{"0":{"loc":{"start":{"line":28,"column":2},"end":{"line":28,"column":21}},"type":"default-arg","locations":[{"start":{"line":28,"column":19},"end":{"line":28,"column":21}}],"line":28},"1":{"loc":{"start":{"line":28,"column":4},"end":{"line":28,"column":15}},"type":"default-arg","locations":[{"start":{"line":28,"column":12},"end":{"line":28,"column":15}}],"line":28}},"s":{"0":7,"1":20,"2":7,"3":20,"4":7,"5":1,"6":1},"f":{"0":20,"1":20,"2":1},"b":{"0":[0],"1":[0]},"_coverageSchema":"1a1c01bbd47fc00a2c39e90264f33305004495a9","hash":"27f171dc1f88cf52229effcd4b5c826ecea39667"}
,"C:\\Users\\ecamillo\\Documents\\LevelUp\\Frontend\\el-skin-webapp\\src\\components\\Banner\\Banner.tsx": {"path":"C:\\Users\\ecamillo\\Documents\\LevelUp\\Frontend\\el-skin-webapp\\src\\components\\Banner\\Banner.tsx","statementMap":{"0":{"start":{"line":4,"column":2},"end":{"line":12,"column":4}}},"fnMap":{"0":{"name":"Banner","decl":{"start":{"line":3,"column":9},"end":{"line":3,"column":15}},"loc":{"start":{"line":3,"column":18},"end":{"line":13,"column":1}},"line":3}},"branchMap":{},"s":{"0":0},"f":{"0":0},"b":{}}
,"C:\\Users\\ecamillo\\Documents\\LevelUp\\Frontend\\el-skin-webapp\\src\\components\\Carousel\\Carousel.tsx": {"path":"C:\\Users\\ecamillo\\Documents\\LevelUp\\Frontend\\el-skin-webapp\\src\\components\\Carousel\\Carousel.tsx","statementMap":{"0":{"start":{"line":17,"column":28},"end":{"line":17,"column":57}},"1":{"start":{"line":19,"column":42},"end":{"line":19,"column":53}},"2":{"start":{"line":21,"column":16},"end":{"line":21,"column":47}},"3":{"start":{"line":24,"column":4},"end":{"line":24,"column":83}},"4":{"start":{"line":24,"column":34},"end":{"line":24,"column":80}},"5":{"start":{"line":28,"column":4},"end":{"line":28,"column":83}},"6":{"start":{"line":28,"column":34},"end":{"line":28,"column":80}},"7":{"start":{"line":31,"column":2},"end":{"line":33,"column":9}},"8":{"start":{"line":32,"column":4},"end":{"line":32,"column":23}},"9":{"start":{"line":36,"column":4},"end":{"line":38,"column":7}},"10":{"start":{"line":37,"column":6},"end":{"line":37,"column":30}},"11":{"start":{"line":41,"column":2},"end":{"line":49,"column":14}},"12":{"start":{"line":42,"column":4},"end":{"line":44,"column":13}},"13":{"start":{"line":43,"column":6},"end":{"line":43,"column":17}},"14":{"start":{"line":46,"column":4},"end":{"line":48,"column":6}},"15":{"start":{"line":47,"column":6},"end":{"line":47,"column":35}},"16":{"start":{"line":51,"column":2},"end":{"line":83,"column":4}}},"fnMap":{"0":{"name":"Carousel","decl":{"start":{"line":16,"column":9},"end":{"line":16,"column":17}},"loc":{"start":{"line":16,"column":20},"end":{"line":84,"column":1}},"line":16},"1":{"name":"previousItem","decl":{"start":{"line":23,"column":11},"end":{"line":23,"column":23}},"loc":{"start":{"line":23,"column":26},"end":{"line":25,"column":3}},"line":23},"2":{"name":"(anonymous_2)","decl":{"start":{"line":24,"column":20},"end":{"line":24,"column":21}},"loc":{"start":{"line":24,"column":34},"end":{"line":24,"column":80}},"line":24},"3":{"name":"nextItem","decl":{"start":{"line":27,"column":11},"end":{"line":27,"column":19}},"loc":{"start":{"line":27,"column":22},"end":{"line":29,"column":3}},"line":27},"4":{"name":"(anonymous_4)","decl":{"start":{"line":28,"column":20},"end":{"line":28,"column":21}},"loc":{"start":{"line":28,"column":34},"end":{"line":28,"column":80}},"line":28},"5":{"name":"(anonymous_5)","decl":{"start":{"line":31,"column":12},"end":{"line":31,"column":13}},"loc":{"start":{"line":31,"column":18},"end":{"line":33,"column":3}},"line":31},"6":{"name":"getCarouselItems","decl":{"start":{"line":35,"column":17},"end":{"line":35,"column":33}},"loc":{"start":{"line":35,"column":36},"end":{"line":39,"column":3}},"line":35},"7":{"name":"(anonymous_7)","decl":{"start":{"line":36,"column":55},"end":{"line":36,"column":56}},"loc":{"start":{"line":36,"column":69},"end":{"line":38,"column":5}},"line":36},"8":{"name":"(anonymous_8)","decl":{"start":{"line":41,"column":12},"end":{"line":41,"column":13}},"loc":{"start":{"line":41,"column":18},"end":{"line":49,"column":3}},"line":41},"9":{"name":"(anonymous_9)","decl":{"start":{"line":42,"column":32},"end":{"line":42,"column":33}},"loc":{"start":{"line":42,"column":38},"end":{"line":44,"column":5}},"line":42},"10":{"name":"(anonymous_10)","decl":{"start":{"line":46,"column":11},"end":{"line":46,"column":12}},"loc":{"start":{"line":46,"column":17},"end":{"line":48,"column":5}},"line":46}},"branchMap":{"0":{"loc":{"start":{"line":24,"column":34},"end":{"line":24,"column":80}},"type":"cond-expr","locations":[{"start":{"line":24,"column":50},"end":{"line":24,"column":66}},{"start":{"line":24,"column":69},"end":{"line":24,"column":80}}],"line":24},"1":{"loc":{"start":{"line":28,"column":34},"end":{"line":28,"column":80}},"type":"cond-expr","locations":[{"start":{"line":28,"column":65},"end":{"line":28,"column":66}},{"start":{"line":28,"column":69},"end":{"line":28,"column":80}}],"line":28}},"s":{"0":0,"1":0,"2":0,"3":0,"4":0,"5":0,"6":0,"7":0,"8":0,"9":0,"10":0,"11":0,"12":0,"13":0,"14":0,"15":0,"16":0},"f":{"0":0,"1":0,"2":0,"3":0,"4":0,"5":0,"6":0,"7":0,"8":0,"9":0,"10":0},"b":{"0":[0,0],"1":[0,0]}}
,"C:\\Users\\ecamillo\\Documents\\LevelUp\\Frontend\\el-skin-webapp\\src\\components\\Cart\\Cart.tsx": {"path":"C:\\Users\\ecamillo\\Documents\\LevelUp\\Frontend\\el-skin-webapp\\src\\components\\Cart\\Cart.tsx","statementMap":{"0":{"start":{"line":14,"column":75},"end":{"line":14,"column":91}},"1":{"start":{"line":16,"column":25},"end":{"line":19,"column":3}},"2":{"start":{"line":17,"column":25},"end":{"line":17,"column":41}},"3":{"start":{"line":18,"column":4},"end":{"line":18,"column":31}},"4":{"start":{"line":21,"column":28},"end":{"line":24,"column":3}},"5":{"start":{"line":22,"column":18},"end":{"line":22,"column":34}},"6":{"start":{"line":23,"column":4},"end":{"line":23,"column":33}},"7":{"start":{"line":26,"column":2},"end":{"line":73,"column":3}},"8":{"start":{"line":27,"column":4},"end":{"line":66,"column":6}},"9":{"start":{"line":32,"column":136},"end":{"line":32,"column":153}},"10":{"start":{"line":38,"column":16},"end":{"line":53,"column":22}},"11":{"start":{"line":44,"column":151},"end":{"line":44,"column":199}},"12":{"start":{"line":46,"column":149},"end":{"line":46,"column":197}},"13":{"start":{"line":50,"column":133},"end":{"line":50,"column":155}},"14":{"start":{"line":69,"column":4},"end":{"line":72,"column":6}}},"fnMap":{"0":{"name":"Cart","decl":{"start":{"line":13,"column":9},"end":{"line":13,"column":13}},"loc":{"start":{"line":13,"column":32},"end":{"line":74,"column":1}},"line":13},"1":{"name":"(anonymous_1)","decl":{"start":{"line":16,"column":25},"end":{"line":16,"column":26}},"loc":{"start":{"line":16,"column":52},"end":{"line":19,"column":3}},"line":16},"2":{"name":"(anonymous_2)","decl":{"start":{"line":21,"column":28},"end":{"line":21,"column":29}},"loc":{"start":{"line":21,"column":73},"end":{"line":24,"column":3}},"line":21},"3":{"name":"(anonymous_3)","decl":{"start":{"line":32,"column":130},"end":{"line":32,"column":131}},"loc":{"start":{"line":32,"column":136},"end":{"line":32,"column":153}},"line":32},"4":{"name":"(anonymous_4)","decl":{"start":{"line":37,"column":24},"end":{"line":37,"column":25}},"loc":{"start":{"line":38,"column":16},"end":{"line":53,"column":22}},"line":38},"5":{"name":"(anonymous_5)","decl":{"start":{"line":44,"column":145},"end":{"line":44,"column":146}},"loc":{"start":{"line":44,"column":151},"end":{"line":44,"column":199}},"line":44},"6":{"name":"(anonymous_6)","decl":{"start":{"line":46,"column":143},"end":{"line":46,"column":144}},"loc":{"start":{"line":46,"column":149},"end":{"line":46,"column":197}},"line":46},"7":{"name":"(anonymous_7)","decl":{"start":{"line":50,"column":127},"end":{"line":50,"column":128}},"loc":{"start":{"line":50,"column":133},"end":{"line":50,"column":155}},"line":50}},"branchMap":{"0":{"loc":{"start":{"line":26,"column":2},"end":{"line":73,"column":3}},"type":"if","locations":[{"start":{"line":26,"column":2},"end":{"line":73,"column":3}},{"start":{"line":68,"column":7},"end":{"line":73,"column":3}}],"line":26},"1":{"loc":{"start":{"line":36,"column":13},"end":{"line":57,"column":13}},"type":"cond-expr","locations":[{"start":{"line":37,"column":14},"end":{"line":54,"column":16}},{"start":{"line":56,"column":14},"end":{"line":56,"column":68}}],"line":36},"2":{"loc":{"start":{"line":40,"column":58},"end":{"line":40,"column":87}},"type":"binary-expr","locations":[{"start":{"line":40,"column":58},"end":{"line":40,"column":71}},{"start":{"line":40,"column":75},"end":{"line":40,"column":87}}],"line":40}},"s":{"0":33,"1":33,"2":12,"3":12,"4":33,"5":4,"6":4,"7":33,"8":8,"9":1,"10":4,"11":1,"12":1,"13":0,"14":25},"f":{"0":33,"1":12,"2":4,"3":1,"4":4,"5":1,"6":1,"7":0},"b":{"0":[8,25],"1":[4,4],"2":[4,0]},"_coverageSchema":"1a1c01bbd47fc00a2c39e90264f33305004495a9","hash":"5aa36987df87d09509e9d09dfa4f683f58a1a339"}
,"C:\\Users\\ecamillo\\Documents\\LevelUp\\Frontend\\el-skin-webapp\\src\\components\\Footer\\Footer.tsx": {"path":"C:\\Users\\ecamillo\\Documents\\LevelUp\\Frontend\\el-skin-webapp\\src\\components\\Footer\\Footer.tsx","statementMap":{"0":{"start":{"line":31,"column":25},"end":{"line":162,"column":1}},"1":{"start":{"line":32,"column":36},"end":{"line":68,"column":3}},"2":{"start":{"line":70,"column":42},"end":{"line":100,"column":3}},"3":{"start":{"line":102,"column":28},"end":{"line":104,"column":3}},"4":{"start":{"line":103,"column":4},"end":{"line":103,"column":67}},"5":{"start":{"line":106,"column":2},"end":{"line":161,"column":4}},"6":{"start":{"line":113,"column":14},"end":{"line":121,"column":23}},"7":{"start":{"line":116,"column":31},"end":{"line":116,"column":56}},"8":{"start":{"line":132,"column":14},"end":{"line":141,"column":20}},"9":{"start":{"line":136,"column":20},"end":{"line":138,"column":25}}},"fnMap":{"0":{"name":"(anonymous_0)","decl":{"start":{"line":31,"column":25},"end":{"line":31,"column":26}},"loc":{"start":{"line":31,"column":31},"end":{"line":162,"column":1}},"line":31},"1":{"name":"(anonymous_1)","decl":{"start":{"line":102,"column":28},"end":{"line":102,"column":29}},"loc":{"start":{"line":102,"column":56},"end":{"line":104,"column":3}},"line":102},"2":{"name":"(anonymous_2)","decl":{"start":{"line":112,"column":29},"end":{"line":112,"column":30}},"loc":{"start":{"line":113,"column":14},"end":{"line":121,"column":23}},"line":113},"3":{"name":"(anonymous_3)","decl":{"start":{"line":116,"column":25},"end":{"line":116,"column":26}},"loc":{"start":{"line":116,"column":31},"end":{"line":116,"column":56}},"line":116},"4":{"name":"(anonymous_4)","decl":{"start":{"line":131,"column":32},"end":{"line":131,"column":33}},"loc":{"start":{"line":132,"column":14},"end":{"line":141,"column":20}},"line":132},"5":{"name":"(anonymous_5)","decl":{"start":{"line":135,"column":37},"end":{"line":135,"column":38}},"loc":{"start":{"line":136,"column":20},"end":{"line":138,"column":25}},"line":136}},"branchMap":{},"s":{"0":0,"1":0,"2":0,"3":0,"4":0,"5":0,"6":0,"7":0,"8":0,"9":0},"f":{"0":0,"1":0,"2":0,"3":0,"4":0,"5":0},"b":{}}
,"C:\\Users\\ecamillo\\Documents\\LevelUp\\Frontend\\el-skin-webapp\\src\\components\\Header\\Header.tsx": {"path":"C:\\Users\\ecamillo\\Documents\\LevelUp\\Frontend\\el-skin-webapp\\src\\components\\Header\\Header.tsx","statementMap":{"0":{"start":{"line":12,"column":34},"end":{"line":12,"column":58}},"1":{"start":{"line":13,"column":31},"end":{"line":13,"column":56}},"2":{"start":{"line":14,"column":28},"end":{"line":14,"column":44}},"3":{"start":{"line":17,"column":4},"end":{"line":17,"column":30}},"4":{"start":{"line":21,"column":4},"end":{"line":21,"column":49}},"5":{"start":{"line":25,"column":4},"end":{"line":25,"column":27}},"6":{"start":{"line":26,"column":4},"end":{"line":26,"column":27}},"7":{"start":{"line":29,"column":2},"end":{"line":63,"column":4}},"8":{"start":{"line":53,"column":56},"end":{"line":53,"column":74}}},"fnMap":{"0":{"name":"Header","decl":{"start":{"line":11,"column":9},"end":{"line":11,"column":15}},"loc":{"start":{"line":11,"column":18},"end":{"line":64,"column":1}},"line":11},"1":{"name":"handleOnChange","decl":{"start":{"line":16,"column":11},"end":{"line":16,"column":25}},"loc":{"start":{"line":16,"column":66},"end":{"line":18,"column":3}},"line":16},"2":{"name":"onClickSearch","decl":{"start":{"line":20,"column":11},"end":{"line":20,"column":24}},"loc":{"start":{"line":20,"column":33},"end":{"line":22,"column":3}},"line":20},"3":{"name":"openCart","decl":{"start":{"line":24,"column":17},"end":{"line":24,"column":25}},"loc":{"start":{"line":24,"column":97},"end":{"line":27,"column":3}},"line":24},"4":{"name":"(anonymous_4)","decl":{"start":{"line":53,"column":50},"end":{"line":53,"column":51}},"loc":{"start":{"line":53,"column":56},"end":{"line":53,"column":74}},"line":53}},"branchMap":{},"s":{"0":33,"1":33,"2":33,"3":10,"4":0,"5":6,"6":6,"7":33,"8":1},"f":{"0":33,"1":10,"2":0,"3":6,"4":1},"b":{},"_coverageSchema":"1a1c01bbd47fc00a2c39e90264f33305004495a9","hash":"b620d9ab8dfe3997f6e25bcccff2082aab7db1c5"}
,"C:\\Users\\ecamillo\\Documents\\LevelUp\\Frontend\\el-skin-webapp\\src\\components\\Navigation\\Navigation.tsx": {"path":"C:\\Users\\ecamillo\\Documents\\LevelUp\\Frontend\\el-skin-webapp\\src\\components\\Navigation\\Navigation.tsx","statementMap":{"0":{"start":{"line":9,"column":46},"end":{"line":14,"column":1}},"1":{"start":{"line":17,"column":2},"end":{"line":29,"column":4}},"2":{"start":{"line":21,"column":10},"end":{"line":23,"column":15}}},"fnMap":{"0":{"name":"Navigation","decl":{"start":{"line":16,"column":9},"end":{"line":16,"column":19}},"loc":{"start":{"line":16,"column":22},"end":{"line":30,"column":1}},"line":16},"1":{"name":"(anonymous_1)","decl":{"start":{"line":20,"column":33},"end":{"line":20,"column":34}},"loc":{"start":{"line":21,"column":10},"end":{"line":23,"column":15}},"line":21}},"branchMap":{},"s":{"0":3,"1":33,"2":132},"f":{"0":33,"1":132},"b":{},"_coverageSchema":"1a1c01bbd47fc00a2c39e90264f33305004495a9","hash":"3c59a38e96f000ab71ecef6b9e123faac1d24cdb"}
,"C:\\Users\\ecamillo\\Documents\\LevelUp\\Frontend\\el-skin-webapp\\src\\components\\ProductCard\\ProductCard.tsx": {"path":"C:\\Users\\ecamillo\\Documents\\LevelUp\\Frontend\\el-skin-webapp\\src\\components\\ProductCard\\ProductCard.tsx","statementMap":{"0":{"start":{"line":11,"column":48},"end":{"line":62,"column":1}},"1":{"start":{"line":16,"column":22},"end":{"line":18,"column":3}},"2":{"start":{"line":17,"column":4},"end":{"line":17,"column":54}},"3":{"start":{"line":20,"column":2},"end":{"line":61,"column":4}},"4":{"start":{"line":24,"column":21},"end":{"line":24,"column":47}},"5":{"start":{"line":38,"column":12},"end":{"line":43,"column":19}},"6":{"start":{"line":53,"column":28},"end":{"line":53,"column":53}}},"fnMap":{"0":{"name":"(anonymous_0)","decl":{"start":{"line":11,"column":48},"end":{"line":11,"column":49}},"loc":{"start":{"line":15,"column":6},"end":{"line":62,"column":1}},"line":15},"1":{"name":"(anonymous_1)","decl":{"start":{"line":16,"column":22},"end":{"line":16,"column":23}},"loc":{"start":{"line":16,"column":49},"end":{"line":18,"column":3}},"line":16},"2":{"name":"(anonymous_2)","decl":{"start":{"line":24,"column":15},"end":{"line":24,"column":16}},"loc":{"start":{"line":24,"column":21},"end":{"line":24,"column":47}},"line":24},"3":{"name":"(anonymous_3)","decl":{"start":{"line":37,"column":28},"end":{"line":37,"column":29}},"loc":{"start":{"line":38,"column":12},"end":{"line":43,"column":19}},"line":38},"4":{"name":"(anonymous_4)","decl":{"start":{"line":53,"column":21},"end":{"line":53,"column":22}},"loc":{"start":{"line":53,"column":28},"end":{"line":53,"column":53}},"line":53}},"branchMap":{},"s":{"0":5,"1":101,"2":101,"3":101,"4":2,"5":200,"6":5},"f":{"0":101,"1":101,"2":2,"3":200,"4":5},"b":{},"_coverageSchema":"1a1c01bbd47fc00a2c39e90264f33305004495a9","hash":"64b2bec3e34f2a944b3578f2e0ea0911a4ccb9bb"}
,"C:\\Users\\ecamillo\\Documents\\LevelUp\\Frontend\\el-skin-webapp\\src\\components\\ProductGrid\\ProductGrid.tsx": {"path":"C:\\Users\\ecamillo\\Documents\\LevelUp\\Frontend\\el-skin-webapp\\src\\components\\ProductGrid\\ProductGrid.tsx","statementMap":{"0":{"start":{"line":11,"column":34},"end":{"line":11,"column":58}},"1":{"start":{"line":12,"column":45},"end":{"line":12,"column":61}},"2":{"start":{"line":13,"column":50},"end":{"line":13,"column":74}},"3":{"start":{"line":14,"column":21},"end":{"line":14,"column":46}},"4":{"start":{"line":16,"column":2},"end":{"line":25,"column":9}},"5":{"start":{"line":17,"column":4},"end":{"line":24,"column":8}},"6":{"start":{"line":19,"column":8},"end":{"line":19,"column":26}},"7":{"start":{"line":22,"column":8},"end":{"line":22,"column":57}},"8":{"start":{"line":27,"column":2},"end":{"line":36,"column":25}},"9":{"start":{"line":28,"column":4},"end":{"line":35,"column":5}},"10":{"start":{"line":29,"column":6},"end":{"line":32,"column":9}},"11":{"start":{"line":30,"column":8},"end":{"line":31,"column":72}},"12":{"start":{"line":34,"column":6},"end":{"line":34,"column":41}},"13":{"start":{"line":38,"column":16},"end":{"line":38,"column":47}},"14":{"start":{"line":40,"column":29},"end":{"line":42,"column":3}},"15":{"start":{"line":41,"column":4},"end":{"line":41,"column":49}},"16":{"start":{"line":44,"column":25},"end":{"line":54,"column":3}},"17":{"start":{"line":45,"column":4},"end":{"line":45,"column":28}},"18":{"start":{"line":46,"column":25},"end":{"line":46,"column":84}},"19":{"start":{"line":46,"column":56},"end":{"line":46,"column":83}},"20":{"start":{"line":48,"column":4},"end":{"line":51,"column":5}},"21":{"start":{"line":49,"column":6},"end":{"line":49,"column":66}},"22":{"start":{"line":50,"column":6},"end":{"line":50,"column":13}},"23":{"start":{"line":53,"column":4},"end":{"line":53,"column":26}},"24":{"start":{"line":56,"column":2},"end":{"line":81,"column":4}},"25":{"start":{"line":63,"column":14},"end":{"line":71,"column":20}}},"fnMap":{"0":{"name":"ProductGrid","decl":{"start":{"line":10,"column":9},"end":{"line":10,"column":20}},"loc":{"start":{"line":10,"column":23},"end":{"line":82,"column":1}},"line":10},"1":{"name":"(anonymous_1)","decl":{"start":{"line":16,"column":12},"end":{"line":16,"column":13}},"loc":{"start":{"line":16,"column":18},"end":{"line":25,"column":3}},"line":16},"2":{"name":"(anonymous_2)","decl":{"start":{"line":18,"column":12},"end":{"line":18,"column":13}},"loc":{"start":{"line":18,"column":34},"end":{"line":20,"column":7}},"line":18},"3":{"name":"(anonymous_3)","decl":{"start":{"line":21,"column":13},"end":{"line":21,"column":14}},"loc":{"start":{"line":21,"column":31},"end":{"line":23,"column":7}},"line":21},"4":{"name":"(anonymous_4)","decl":{"start":{"line":27,"column":12},"end":{"line":27,"column":13}},"loc":{"start":{"line":27,"column":18},"end":{"line":36,"column":3}},"line":27},"5":{"name":"(anonymous_5)","decl":{"start":{"line":29,"column":42},"end":{"line":29,"column":43}},"loc":{"start":{"line":30,"column":8},"end":{"line":31,"column":72}},"line":30},"6":{"name":"(anonymous_6)","decl":{"start":{"line":40,"column":29},"end":{"line":40,"column":30}},"loc":{"start":{"line":40,"column":52},"end":{"line":42,"column":3}},"line":40},"7":{"name":"(anonymous_7)","decl":{"start":{"line":44,"column":25},"end":{"line":44,"column":26}},"loc":{"start":{"line":44,"column":73},"end":{"line":54,"column":3}},"line":44},"8":{"name":"(anonymous_8)","decl":{"start":{"line":46,"column":39},"end":{"line":46,"column":40}},"loc":{"start":{"line":46,"column":56},"end":{"line":46,"column":83}},"line":46},"9":{"name":"(anonymous_9)","decl":{"start":{"line":62,"column":34},"end":{"line":62,"column":35}},"loc":{"start":{"line":63,"column":14},"end":{"line":71,"column":20}},"line":63}},"branchMap":{"0":{"loc":{"start":{"line":28,"column":4},"end":{"line":35,"column":5}},"type":"if","locations":[{"start":{"line":28,"column":4},"end":{"line":35,"column":5}},{"start":{"line":33,"column":11},"end":{"line":35,"column":5}}],"line":28},"1":{"loc":{"start":{"line":30,"column":8},"end":{"line":31,"column":72}},"type":"binary-expr","locations":[{"start":{"line":30,"column":8},"end":{"line":30,"column":65}},{"start":{"line":31,"column":8},"end":{"line":31,"column":72}}],"line":30},"2":{"loc":{"start":{"line":48,"column":4},"end":{"line":51,"column":5}},"type":"if","locations":[{"start":{"line":48,"column":4},"end":{"line":51,"column":5}},{"start":{},"end":{}}],"line":48},"3":{"loc":{"start":{"line":60,"column":9},"end":{"line":77,"column":16}},"type":"cond-expr","locations":[{"start":{"line":61,"column":10},"end":{"line":73,"column":16}},{"start":{"line":75,"column":10},"end":{"line":77,"column":16}}],"line":60}},"s":{"0":44,"1":44,"2":44,"3":44,"4":44,"5":11,"6":10,"7":0,"8":44,"9":20,"10":3,"11":8,"12":17,"13":44,"14":44,"15":1,"16":44,"17":4,"18":4,"19":4,"20":4,"21":0,"22":0,"23":4,"24":44,"25":99},"f":{"0":44,"1":11,"2":10,"3":0,"4":20,"5":8,"6":1,"7":4,"8":4,"9":99},"b":{"0":[3,17],"1":[8,5],"2":[0,4],"3":[13,31]},"_coverageSchema":"1a1c01bbd47fc00a2c39e90264f33305004495a9","hash":"92a25d1fd89335adf5329a20db02bb7358d00d48"}
,"C:\\Users\\ecamillo\\Documents\\LevelUp\\Frontend\\el-skin-webapp\\src\\context\\CartContext.tsx": {"path":"C:\\Users\\ecamillo\\Documents\\LevelUp\\Frontend\\el-skin-webapp\\src\\context\\CartContext.tsx","statementMap":{"0":{"start":{"line":24,"column":20},"end":{"line":24,"column":69}},"1":{"start":{"line":26,"column":57},"end":{"line":37,"column":1}},"2":{"start":{"line":27,"column":15},"end":{"line":27,"column":24}},"3":{"start":{"line":34,"column":2},"end":{"line":36,"column":17}},"4":{"start":{"line":39,"column":30},"end":{"line":46,"column":1}},"5":{"start":{"line":40,"column":18},"end":{"line":40,"column":41}},"6":{"start":{"line":41,"column":2},"end":{"line":44,"column":3}},"7":{"start":{"line":42,"column":4},"end":{"line":42,"column":71}},"8":{"start":{"line":43,"column":4},"end":{"line":43,"column":73}},"9":{"start":{"line":45,"column":2},"end":{"line":45,"column":17}},"10":{"start":{"line":19,"column":20},"end":{"line":19,"column":69}},"11":{"start":{"line":21,"column":57},"end":{"line":26,"column":1}},"12":{"start":{"line":22,"column":15},"end":{"line":22,"column":24}},"13":{"start":{"line":23,"column":2},"end":{"line":25,"column":17}},"14":{"start":{"line":28,"column":30},"end":{"line":35,"column":1}},"15":{"start":{"line":29,"column":18},"end":{"line":29,"column":41}},"16":{"start":{"line":30,"column":2},"end":{"line":33,"column":3}},"17":{"start":{"line":31,"column":4},"end":{"line":31,"column":71}},"18":{"start":{"line":32,"column":4},"end":{"line":32,"column":73}},"19":{"start":{"line":34,"column":2},"end":{"line":34,"column":17}}},"fnMap":{"0":{"name":"(anonymous_0)","decl":{"start":{"line":26,"column":57},"end":{"line":26,"column":58}},"loc":{"start":{"line":26,"column":75},"end":{"line":37,"column":1}},"line":26},"1":{"name":"(anonymous_1)","decl":{"start":{"line":39,"column":30},"end":{"line":39,"column":31}},"loc":{"start":{"line":39,"column":51},"end":{"line":46,"column":1}},"line":39},"2":{"name":"(anonymous_0)","decl":{"start":{"line":21,"column":57},"end":{"line":21,"column":58}},"loc":{"start":{"line":21,"column":75},"end":{"line":26,"column":1}},"line":21},"3":{"name":"(anonymous_1)","decl":{"start":{"line":28,"column":30},"end":{"line":28,"column":31}},"loc":{"start":{"line":28,"column":51},"end":{"line":35,"column":1}},"line":28}},"branchMap":{"0":{"loc":{"start":{"line":41,"column":2},"end":{"line":44,"column":3}},"type":"if","locations":[{"start":{"line":41,"column":2},"end":{"line":44,"column":3}},{"start":{},"end":{}}],"line":41},"1":{"loc":{"start":{"line":30,"column":2},"end":{"line":33,"column":3}},"type":"if","locations":[{"start":{"line":30,"column":2},"end":{"line":33,"column":3}},{"start":{},"end":{}}],"line":30}},"s":{"0":23,"1":2,"2":5,"3":5,"4":2,"5":16,"6":16,"7":0,"8":0,"9":16,"10":5,"11":5,"12":21,"13":21,"14":7,"15":96,"16":96,"17":2,"18":2,"19":99},"f":{"0":5,"1":16,"2":21,"3":99},"b":{"0":[0,16],"1":[0,94]},"_coverageSchema":"1a1c01bbd47fc00a2c39e90264f33305004495a9","hash":"ce6b986e1d7f1643c5c9810f2070f1db5728bccc"}
,"C:\\Users\\ecamillo\\Documents\\LevelUp\\Frontend\\el-skin-webapp\\src\\context\\SearchContext.tsx": {"path":"C:\\Users\\ecamillo\\Documents\\LevelUp\\Frontend\\el-skin-webapp\\src\\context\\SearchContext.tsx","statementMap":{"0":{"start":{"line":3,"column":29},"end":{"line":6,"column":2}},"1":{"start":{"line":5,"column":19},"end":{"line":5,"column":23}},"2":{"start":{"line":8,"column":69},"end":{"line":21,"column":1}},"3":{"start":{"line":9,"column":30},"end":{"line":9,"column":50}},"4":{"start":{"line":11,"column":23},"end":{"line":14,"column":15}},"5":{"start":{"line":11,"column":38},"end":{"line":14,"column":3}},"6":{"start":{"line":16,"column":2},"end":{"line":20,"column":4}}},"fnMap":{"0":{"name":"(anonymous_0)","decl":{"start":{"line":5,"column":13},"end":{"line":5,"column":14}},"loc":{"start":{"line":5,"column":19},"end":{"line":5,"column":23}},"line":5},"1":{"name":"(anonymous_1)","decl":{"start":{"line":8,"column":69},"end":{"line":8,"column":70}},"loc":{"start":{"line":8,"column":85},"end":{"line":21,"column":1}},"line":8},"2":{"name":"(anonymous_2)","decl":{"start":{"line":11,"column":31},"end":{"line":11,"column":32}},"loc":{"start":{"line":11,"column":38},"end":{"line":14,"column":3}},"line":11}},"branchMap":{},"s":{"0":7,"1":0,"2":7,"3":30,"4":30,"5":30,"6":30},"f":{"0":0,"1":30,"2":30},"b":{},"_coverageSchema":"1a1c01bbd47fc00a2c39e90264f33305004495a9","hash":"5a1644905ed100b63f2cb4bcf763c3dbe7e8d65b"}
,"C:\\Users\\ecamillo\\Documents\\LevelUp\\Frontend\\el-skin-webapp\\src\\hooks\\useCart.ts": {"path":"C:\\Users\\ecamillo\\Documents\\LevelUp\\Frontend\\el-skin-webapp\\src\\hooks\\useCart.ts","statementMap":{"0":{"start":{"line":21,"column":23},"end":{"line":78,"column":1}},"1":{"start":{"line":22,"column":28},"end":{"line":22,"column":53}},"2":{"start":{"line":24,"column":18},"end":{"line":38,"column":8}},"3":{"start":{"line":25,"column":4},"end":{"line":37,"column":7}},"4":{"start":{"line":26,"column":27},"end":{"line":26,"column":76}},"5":{"start":{"line":26,"column":53},"end":{"line":26,"column":75}},"6":{"start":{"line":28,"column":6},"end":{"line":34,"column":7}},"7":{"start":{"line":29,"column":8},"end":{"line":33,"column":10}},"8":{"start":{"line":30,"column":10},"end":{"line":32,"column":18}},"9":{"start":{"line":36,"column":6},"end":{"line":36,"column":60}},"10":{"start":{"line":40,"column":21},"end":{"line":42,"column":8}},"11":{"start":{"line":41,"column":4},"end":{"line":41,"column":74}},"12":{"start":{"line":41,"column":29},"end":{"line":41,"column":72}},"13":{"start":{"line":41,"column":57},"end":{"line":41,"column":71}},"14":{"start":{"line":44,"column":25},"end":{"line":55,"column":18}},"15":{"start":{"line":45,"column":4},"end":{"line":48,"column":5}},"16":{"start":{"line":46,"column":6},"end":{"line":46,"column":21}},"17":{"start":{"line":47,"column":6},"end":{"line":47,"column":13}},"18":{"start":{"line":50,"column":4},"end":{"line":54,"column":6}},"19":{"start":{"line":51,"column":6},"end":{"line":53,"column":7}},"20":{"start":{"line":52,"column":8},"end":{"line":52,"column":53}},"21":{"start":{"line":57,"column":20},"end":{"line":59,"column":8}},"22":{"start":{"line":58,"column":4},"end":{"line":58,"column":17}},"23":{"start":{"line":61,"column":24},"end":{"line":63,"column":13}},"24":{"start":{"line":62,"column":4},"end":{"line":62,"column":67}},"25":{"start":{"line":62,"column":41},"end":{"line":62,"column":62}},"26":{"start":{"line":65,"column":21},"end":{"line":67,"column":13}},"27":{"start":{"line":66,"column":4},"end":{"line":66,"column":82}},"28":{"start":{"line":66,"column":41},"end":{"line":66,"column":77}},"29":{"start":{"line":69,"column":2},"end":{"line":77,"column":4}}},"fnMap":{"0":{"name":"(anonymous_0)","decl":{"start":{"line":21,"column":23},"end":{"line":21,"column":24}},"loc":{"start":{"line":21,"column":44},"end":{"line":78,"column":1}},"line":21},"1":{"name":"(anonymous_1)","decl":{"start":{"line":24,"column":30},"end":{"line":24,"column":31}},"loc":{"start":{"line":24,"column":72},"end":{"line":38,"column":3}},"line":24},"2":{"name":"(anonymous_2)","decl":{"start":{"line":25,"column":13},"end":{"line":25,"column":14}},"loc":{"start":{"line":25,"column":29},"end":{"line":37,"column":5}},"line":25},"3":{"name":"(anonymous_3)","decl":{"start":{"line":26,"column":45},"end":{"line":26,"column":46}},"loc":{"start":{"line":26,"column":53},"end":{"line":26,"column":75}},"line":26},"4":{"name":"(anonymous_4)","decl":{"start":{"line":29,"column":32},"end":{"line":29,"column":33}},"loc":{"start":{"line":30,"column":10},"end":{"line":32,"column":18}},"line":30},"5":{"name":"(anonymous_5)","decl":{"start":{"line":40,"column":33},"end":{"line":40,"column":34}},"loc":{"start":{"line":40,"column":49},"end":{"line":42,"column":3}},"line":40},"6":{"name":"(anonymous_6)","decl":{"start":{"line":41,"column":13},"end":{"line":41,"column":14}},"loc":{"start":{"line":41,"column":29},"end":{"line":41,"column":72}},"line":41},"7":{"name":"(anonymous_7)","decl":{"start":{"line":41,"column":49},"end":{"line":41,"column":50}},"loc":{"start":{"line":41,"column":57},"end":{"line":41,"column":71}},"line":41},"8":{"name":"(anonymous_8)","decl":{"start":{"line":44,"column":37},"end":{"line":44,"column":38}},"loc":{"start":{"line":44,"column":71},"end":{"line":55,"column":3}},"line":44},"9":{"name":"(anonymous_9)","decl":{"start":{"line":50,"column":13},"end":{"line":50,"column":14}},"loc":{"start":{"line":51,"column":6},"end":{"line":53,"column":7}},"line":51},"10":{"name":"(anonymous_10)","decl":{"start":{"line":51,"column":23},"end":{"line":51,"column":24}},"loc":{"start":{"line":52,"column":8},"end":{"line":52,"column":53}},"line":52},"11":{"name":"(anonymous_11)","decl":{"start":{"line":57,"column":32},"end":{"line":57,"column":33}},"loc":{"start":{"line":57,"column":38},"end":{"line":59,"column":3}},"line":57},"12":{"name":"(anonymous_12)","decl":{"start":{"line":61,"column":36},"end":{"line":61,"column":37}},"loc":{"start":{"line":61,"column":42},"end":{"line":63,"column":3}},"line":61},"13":{"name":"(anonymous_13)","decl":{"start":{"line":62,"column":24},"end":{"line":62,"column":25}},"loc":{"start":{"line":62,"column":41},"end":{"line":62,"column":62}},"line":62},"14":{"name":"(anonymous_14)","decl":{"start":{"line":65,"column":29},"end":{"line":65,"column":30}},"loc":{"start":{"line":65,"column":35},"end":{"line":67,"column":3}},"line":65},"15":{"name":"(anonymous_15)","decl":{"start":{"line":66,"column":24},"end":{"line":66,"column":25}},"loc":{"start":{"line":66,"column":41},"end":{"line":66,"column":77}},"line":66}},"branchMap":{"0":{"loc":{"start":{"line":28,"column":6},"end":{"line":34,"column":7}},"type":"if","locations":[{"start":{"line":28,"column":6},"end":{"line":34,"column":7}},{"start":{},"end":{}}],"line":28},"1":{"loc":{"start":{"line":30,"column":10},"end":{"line":32,"column":18}},"type":"cond-expr","locations":[{"start":{"line":31,"column":14},"end":{"line":31,"column":54}},{"start":{"line":32,"column":14},"end":{"line":32,"column":18}}],"line":30},"2":{"loc":{"start":{"line":45,"column":4},"end":{"line":48,"column":5}},"type":"if","locations":[{"start":{"line":45,"column":4},"end":{"line":48,"column":5}},{"start":{},"end":{}}],"line":45},"3":{"loc":{"start":{"line":52,"column":8},"end":{"line":52,"column":53}},"type":"cond-expr","locations":[{"start":{"line":52,"column":25},"end":{"line":52,"column":46}},{"start":{"line":52,"column":49},"end":{"line":52,"column":53}}],"line":52}},"s":{"0":8,"1":32,"2":32,"3":7,"4":7,"5":2,"6":7,"7":2,"8":2,"9":5,"10":32,"11":0,"12":0,"13":0,"14":32,"15":2,"16":0,"17":0,"18":2,"19":2,"20":2,"21":32,"22":0,"23":32,"24":34,"25":8,"26":32,"27":32,"28":9,"29":32},"f":{"0":32,"1":7,"2":7,"3":2,"4":2,"5":0,"6":0,"7":0,"8":2,"9":2,"10":2,"11":0,"12":34,"13":8,"14":32,"15":9},"b":{"0":[2,5],"1":[2,0],"2":[0,2],"3":[2,0]},"_coverageSchema":"1a1c01bbd47fc00a2c39e90264f33305004495a9","hash":"e1cc021ca26cc99ced9742809d2db802d9dfe643"}
,"C:\\Users\\ecamillo\\Documents\\LevelUp\\Frontend\\el-skin-webapp\\src\\mocks\\carouselMock.ts": {"path":"C:\\Users\\ecamillo\\Documents\\LevelUp\\Frontend\\el-skin-webapp\\src\\mocks\\carouselMock.ts","statementMap":{"0":{"start":{"line":1,"column":28},"end":{"line":22,"column":1}}},"fnMap":{},"branchMap":{},"s":{"0":0},"f":{},"b":{}}
,"C:\\Users\\ecamillo\\Documents\\LevelUp\\Frontend\\el-skin-webapp\\src\\mocks\\handlers.ts": {"path":"C:\\Users\\ecamillo\\Documents\\LevelUp\\Frontend\\el-skin-webapp\\src\\mocks\\handlers.ts","statementMap":{"0":{"start":{"line":5,"column":24},"end":{"line":12,"column":1}},"1":{"start":{"line":7,"column":4},"end":{"line":7,"column":43}},"2":{"start":{"line":10,"column":4},"end":{"line":10,"column":43}}},"fnMap":{"0":{"name":"(anonymous_0)","decl":{"start":{"line":6,"column":45},"end":{"line":6,"column":46}},"loc":{"start":{"line":6,"column":51},"end":{"line":8,"column":3}},"line":6},"1":{"name":"(anonymous_1)","decl":{"start":{"line":9,"column":45},"end":{"line":9,"column":46}},"loc":{"start":{"line":9,"column":51},"end":{"line":11,"column":3}},"line":9}},"branchMap":{},"s":{"0":0,"1":0,"2":0},"f":{"0":0,"1":0},"b":{}}
,"C:\\Users\\ecamillo\\Documents\\LevelUp\\Frontend\\el-skin-webapp\\src\\mocks\\node.ts": {"path":"C:\\Users\\ecamillo\\Documents\\LevelUp\\Frontend\\el-skin-webapp\\src\\mocks\\node.ts","statementMap":{"0":{"start":{"line":4,"column":22},"end":{"line":4,"column":46}}},"fnMap":{},"branchMap":{},"s":{"0":0},"f":{},"b":{}}
,"C:\\Users\\ecamillo\\Documents\\LevelUp\\Frontend\\el-skin-webapp\\src\\mocks\\productsMock.ts": {"path":"C:\\Users\\ecamillo\\Documents\\LevelUp\\Frontend\\el-skin-webapp\\src\\mocks\\productsMock.ts","statementMap":{"0":{"start":{"line":1,"column":28},"end":{"line":90,"column":1}}},"fnMap":{},"branchMap":{},"s":{"0":1},"f":{},"b":{},"_coverageSchema":"1a1c01bbd47fc00a2c39e90264f33305004495a9","hash":"99092ea985f1808fabc76e13ccf60126f1dd4600"}
,"C:\\Users\\ecamillo\\Documents\\LevelUp\\Frontend\\el-skin-webapp\\src\\pages\\About\\About.tsx": {"path":"C:\\Users\\ecamillo\\Documents\\LevelUp\\Frontend\\el-skin-webapp\\src\\pages\\About\\About.tsx","statementMap":{"0":{"start":{"line":9,"column":2},"end":{"line":58,"column":4}}},"fnMap":{"0":{"name":"About","decl":{"start":{"line":8,"column":9},"end":{"line":8,"column":14}},"loc":{"start":{"line":8,"column":17},"end":{"line":59,"column":1}},"line":8}},"branchMap":{},"s":{"0":4},"f":{"0":4},"b":{},"_coverageSchema":"1a1c01bbd47fc00a2c39e90264f33305004495a9","hash":"35920de04b1f6aacb06b985564c3241da35feaa5"}
,"C:\\Users\\ecamillo\\Documents\\LevelUp\\Frontend\\el-skin-webapp\\src\\pages\\Contact\\Contact.tsx": {"path":"C:\\Users\\ecamillo\\Documents\\LevelUp\\Frontend\\el-skin-webapp\\src\\pages\\Contact\\Contact.tsx","statementMap":{"0":{"start":{"line":13,"column":42},"end":{"line":31,"column":4}},"1":{"start":{"line":34,"column":17},"end":{"line":34,"column":37}},"2":{"start":{"line":35,"column":18},"end":{"line":35,"column":39}},"3":{"start":{"line":36,"column":21},"end":{"line":36,"column":45}},"4":{"start":{"line":37,"column":16},"end":{"line":37,"column":35}},"5":{"start":{"line":38,"column":21},"end":{"line":38,"column":45}},"6":{"start":{"line":40,"column":4},"end":{"line":40,"column":54}},"7":{"start":{"line":43,"column":2},"end":{"line":103,"column":4}},"8":{"start":{"line":60,"column":18},"end":{"line":63,"column":24}}},"fnMap":{"0":{"name":"Contact","decl":{"start":{"line":11,"column":9},"end":{"line":11,"column":16}},"loc":{"start":{"line":11,"column":19},"end":{"line":104,"column":1}},"line":11},"1":{"name":"enviarMensagem","decl":{"start":{"line":33,"column":11},"end":{"line":33,"column":25}},"loc":{"start":{"line":33,"column":46},"end":{"line":41,"column":3}},"line":33},"2":{"name":"(anonymous_2)","decl":{"start":{"line":59,"column":36},"end":{"line":59,"column":37}},"loc":{"start":{"line":60,"column":18},"end":{"line":63,"column":24}},"line":60}},"branchMap":{},"s":{"0":0,"1":0,"2":0,"3":0,"4":0,"5":0,"6":0,"7":0,"8":0},"f":{"0":0,"1":0,"2":0},"b":{}}
,"C:\\Users\\ecamillo\\Documents\\LevelUp\\Frontend\\el-skin-webapp\\src\\pages\\Home\\Home.tsx": {"path":"C:\\Users\\ecamillo\\Documents\\LevelUp\\Frontend\\el-skin-webapp\\src\\pages\\Home\\Home.tsx","statementMap":{"0":{"start":{"line":7,"column":2},"end":{"line":13,"column":4}}},"fnMap":{"0":{"name":"Home","decl":{"start":{"line":6,"column":9},"end":{"line":6,"column":13}},"loc":{"start":{"line":6,"column":16},"end":{"line":14,"column":1}},"line":6}},"branchMap":{},"s":{"0":0},"f":{"0":0},"b":{}}
,"C:\\Users\\ecamillo\\Documents\\LevelUp\\Frontend\\el-skin-webapp\\src\\pages\\NotFound\\NotFound.tsx": {"path":"C:\\Users\\ecamillo\\Documents\\LevelUp\\Frontend\\el-skin-webapp\\src\\pages\\NotFound\\NotFound.tsx","statementMap":{"0":{"start":{"line":4,"column":2},"end":{"line":13,"column":4}}},"fnMap":{"0":{"name":"NotFound","decl":{"start":{"line":3,"column":9},"end":{"line":3,"column":17}},"loc":{"start":{"line":3,"column":20},"end":{"line":14,"column":1}},"line":3}},"branchMap":{},"s":{"0":0},"f":{"0":0},"b":{}}
,"C:\\Users\\ecamillo\\Documents\\LevelUp\\Frontend\\el-skin-webapp\\src\\reducer\\cartReducer.ts": {"path":"C:\\Users\\ecamillo\\Documents\\LevelUp\\Frontend\\el-skin-webapp\\src\\reducer\\cartReducer.ts","statementMap":{"0":{"start":{"line":23,"column":27},"end":{"line":85,"column":1}},"1":{"start":{"line":24,"column":2},"end":{"line":84,"column":3}},"2":{"start":{"line":26,"column":4},"end":{"line":30,"column":5}},"3":{"start":{"line":27,"column":24},"end":{"line":27,"column":137}},"4":{"start":{"line":28,"column":24},"end":{"line":28,"column":76}},"5":{"start":{"line":29,"column":6},"end":{"line":29,"column":22}},"6":{"start":{"line":31,"column":4},"end":{"line":31,"column":17}},"7":{"start":{"line":34,"column":4},"end":{"line":47,"column":5}},"8":{"start":{"line":35,"column":32},"end":{"line":44,"column":8}},"9":{"start":{"line":36,"column":8},"end":{"line":43,"column":9}},"10":{"start":{"line":37,"column":34},"end":{"line":37,"column":52}},"11":{"start":{"line":38,"column":10},"end":{"line":38,"column":66}},"12":{"start":{"line":39,"column":10},"end":{"line":39,"column":88}},"13":{"start":{"line":40,"column":10},"end":{"line":40,"column":33}},"14":{"start":{"line":42,"column":10},"end":{"line":42,"column":29}},"15":{"start":{"line":45,"column":24},"end":{"line":45,"column":64}},"16":{"start":{"line":46,"column":6},"end":{"line":46,"column":22}},"17":{"start":{"line":48,"column":4},"end":{"line":48,"column":17}},"18":{"start":{"line":51,"column":4},"end":{"line":67,"column":5}},"19":{"start":{"line":52,"column":32},"end":{"line":64,"column":8}},"20":{"start":{"line":53,"column":8},"end":{"line":62,"column":9}},"21":{"start":{"line":54,"column":10},"end":{"line":61,"column":11}},"22":{"start":{"line":55,"column":36},"end":{"line":55,"column":54}},"23":{"start":{"line":56,"column":12},"end":{"line":56,"column":68}},"24":{"start":{"line":57,"column":12},"end":{"line":57,"column":90}},"25":{"start":{"line":58,"column":12},"end":{"line":58,"column":35}},"26":{"start":{"line":60,"column":12},"end":{"line":60,"column":22}},"27":{"start":{"line":63,"column":8},"end":{"line":63,"column":27}},"28":{"start":{"line":65,"column":24},"end":{"line":65,"column":64}},"29":{"start":{"line":66,"column":6},"end":{"line":66,"column":22}},"30":{"start":{"line":68,"column":4},"end":{"line":68,"column":17}},"31":{"start":{"line":71,"column":4},"end":{"line":81,"column":5}},"32":{"start":{"line":72,"column":32},"end":{"line":78,"column":8}},"33":{"start":{"line":73,"column":8},"end":{"line":75,"column":9}},"34":{"start":{"line":74,"column":10},"end":{"line":74,"column":20}},"35":{"start":{"line":76,"column":8},"end":{"line":76,"column":27}},"36":{"start":{"line":79,"column":24},"end":{"line":79,"column":64}},"37":{"start":{"line":80,"column":6},"end":{"line":80,"column":22}},"38":{"start":{"line":82,"column":4},"end":{"line":82,"column":17}}},"fnMap":{"0":{"name":"(anonymous_0)","decl":{"start":{"line":23,"column":27},"end":{"line":23,"column":28}},"loc":{"start":{"line":23,"column":80},"end":{"line":85,"column":1}},"line":23},"1":{"name":"(anonymous_1)","decl":{"start":{"line":35,"column":55},"end":{"line":35,"column":56}},"loc":{"start":{"line":35,"column":72},"end":{"line":44,"column":7}},"line":35},"2":{"name":"(anonymous_2)","decl":{"start":{"line":52,"column":59},"end":{"line":52,"column":60}},"loc":{"start":{"line":52,"column":76},"end":{"line":64,"column":7}},"line":52},"3":{"name":"(anonymous_3)","decl":{"start":{"line":72,"column":59},"end":{"line":72,"column":60}},"loc":{"start":{"line":72,"column":76},"end":{"line":78,"column":7}},"line":72}},"branchMap":{"0":{"loc":{"start":{"line":24,"column":2},"end":{"line":84,"column":3}},"type":"switch","locations":[{"start":{"line":25,"column":2},"end":{"line":32,"column":3}},{"start":{"line":33,"column":2},"end":{"line":49,"column":3}},{"start":{"line":50,"column":2},"end":{"line":69,"column":3}},{"start":{"line":70,"column":2},"end":{"line":83,"column":3}}],"line":24},"1":{"loc":{"start":{"line":26,"column":4},"end":{"line":30,"column":5}},"type":"if","locations":[{"start":{"line":26,"column":4},"end":{"line":30,"column":5}},{"start":{},"end":{}}],"line":26},"2":{"loc":{"start":{"line":34,"column":4},"end":{"line":47,"column":5}},"type":"if","locations":[{"start":{"line":34,"column":4},"end":{"line":47,"column":5}},{"start":{},"end":{}}],"line":34},"3":{"loc":{"start":{"line":36,"column":8},"end":{"line":43,"column":9}},"type":"if","locations":[{"start":{"line":36,"column":8},"end":{"line":43,"column":9}},{"start":{"line":41,"column":15},"end":{"line":43,"column":9}}],"line":36},"4":{"loc":{"start":{"line":51,"column":4},"end":{"line":67,"column":5}},"type":"if","locations":[{"start":{"line":51,"column":4},"end":{"line":67,"column":5}},{"start":{},"end":{}}],"line":51},"5":{"loc":{"start":{"line":53,"column":8},"end":{"line":62,"column":9}},"type":"if","locations":[{"start":{"line":53,"column":8},"end":{"line":62,"column":9}},{"start":{},"end":{}}],"line":53},"6":{"loc":{"start":{"line":54,"column":10},"end":{"line":61,"column":11}},"type":"if","locations":[{"start":{"line":54,"column":10},"end":{"line":61,"column":11}},{"start":{"line":59,"column":17},"end":{"line":61,"column":11}}],"line":54},"7":{"loc":{"start":{"line":71,"column":4},"end":{"line":81,"column":5}},"type":"if","locations":[{"start":{"line":71,"column":4},"end":{"line":81,"column":5}},{"start":{},"end":{}}],"line":71},"8":{"loc":{"start":{"line":73,"column":8},"end":{"line":75,"column":9}},"type":"if","locations":[{"start":{"line":73,"column":8},"end":{"line":75,"column":9}},{"start":{},"end":{}}],"line":73}},"s":{"0":0,"1":0,"2":0,"3":0,"4":0,"5":0,"6":0,"7":0,"8":0,"9":0,"10":0,"11":0,"12":0,"13":0,"14":0,"15":0,"16":0,"17":0,"18":0,"19":0,"20":0,"21":0,"22":0,"23":0,"24":0,"25":0,"26":0,"27":0,"28":0,"29":0,"30":0,"31":0,"32":0,"33":0,"34":0,"35":0,"36":0,"37":0,"38":0},"f":{"0":0,"1":0,"2":0,"3":0},"b":{"0":[0,0,0,0],"1":[0,0],"2":[0,0],"3":[0,0],"4":[0,0],"5":[0,0],"6":[0,0],"7":[0,0],"8":[0,0]}}
,"C:\\Users\\ecamillo\\Documents\\LevelUp\\Frontend\\el-skin-webapp\\src\\services\\api.ts": {"path":"C:\\Users\\ecamillo\\Documents\\LevelUp\\Frontend\\el-skin-webapp\\src\\services\\api.ts","statementMap":{"0":{"start":{"line":3,"column":24},"end":{"line":3,"column":47}},"1":{"start":{"line":11,"column":2},"end":{"line":11,"column":40}}},"fnMap":{"0":{"name":"get","decl":{"start":{"line":10,"column":15},"end":{"line":10,"column":18}},"loc":{"start":{"line":10,"column":69},"end":{"line":12,"column":1}},"line":10}},"branchMap":{},"s":{"0":4,"1":11},"f":{"0":11},"b":{},"_coverageSchema":"1a1c01bbd47fc00a2c39e90264f33305004495a9","hash":"ce2dcd930351ee222a7f69a3d62d1512a3409a9d"}
,"C:\\Users\\ecamillo\\Documents\\LevelUp\\Frontend\\el-skin-webapp\\src\\services\\productService.ts": {"path":"C:\\Users\\ecamillo\\Documents\\LevelUp\\Frontend\\el-skin-webapp\\src\\services\\productService.ts","statementMap":{"0":{"start":{"line":4,"column":23},"end":{"line":9,"column":1}},"1":{"start":{"line":6,"column":21},"end":{"line":6,"column":61}},"2":{"start":{"line":7,"column":4},"end":{"line":7,"column":25}}},"fnMap":{"0":{"name":"(anonymous_0)","decl":{"start":{"line":5,"column":2},"end":{"line":5,"column":3}},"loc":{"start":{"line":5,"column":43},"end":{"line":8,"column":3}},"line":5}},"branchMap":{},"s":{"0":4,"1":11,"2":10},"f":{"0":11},"b":{},"_coverageSchema":"1a1c01bbd47fc00a2c39e90264f33305004495a9","hash":"733bfa71508264b8d83450de02f8733cca9c2998"}
,"C:\\Users\\ecamillo\\Documents\\LevelUp\\Frontend\\el-skin-webapp\\src\\styles\\GlobalStyles.tsx": {"path":"C:\\Users\\ecamillo\\Documents\\LevelUp\\Frontend\\el-skin-webapp\\src\\styles\\GlobalStyles.tsx","statementMap":{"0":{"start":{"line":4,"column":28},"end":{"line":12,"column":1}},"1":{"start":{"line":7,"column":32},"end":{"line":7,"column":51}},"2":{"start":{"line":8,"column":28},"end":{"line":8,"column":53}},"3":{"start":{"line":9,"column":39},"end":{"line":9,"column":68}}},"fnMap":{"0":{"name":"(anonymous_0)","decl":{"start":{"line":7,"column":17},"end":{"line":7,"column":18}},"loc":{"start":{"line":7,"column":32},"end":{"line":7,"column":51}},"line":7},"1":{"name":"(anonymous_1)","decl":{"start":{"line":8,"column":13},"end":{"line":8,"column":14}},"loc":{"start":{"line":8,"column":28},"end":{"line":8,"column":53}},"line":8},"2":{"name":"(anonymous_2)","decl":{"start":{"line":9,"column":24},"end":{"line":9,"column":25}},"loc":{"start":{"line":9,"column":39},"end":{"line":9,"column":68}},"line":9}},"branchMap":{},"s":{"0":0,"1":0,"2":0,"3":0},"f":{"0":0,"1":0,"2":0},"b":{}}
,"C:\\Users\\ecamillo\\Documents\\LevelUp\\Frontend\\el-skin-webapp\\src\\styles\\theme.ts": {"path":"C:\\Users\\ecamillo\\Documents\\LevelUp\\Frontend\\el-skin-webapp\\src\\styles\\theme.ts","statementMap":{"0":{"start":{"line":1,"column":21},"end":{"line":141,"column":10}}},"fnMap":{},"branchMap":{},"s":{"0":0},"f":{},"b":{}}
,"C:\\Users\\ecamillo\\Documents\\LevelUp\\Frontend\\el-skin-webapp\\src\\types\\IProduct.ts": {"path":"C:\\Users\\ecamillo\\Documents\\LevelUp\\Frontend\\el-skin-webapp\\src\\types\\IProduct.ts","statementMap":{},"fnMap":{},"branchMap":{},"s":{},"f":{},"b":{}}
}
