{"C:\\Users\\ecamillo\\Documents\\LevelUp\\Frontend\\el-skin-webapp\\src\\test-utils.tsx": {"path":"C:\\Users\\ecamillo\\Documents\\LevelUp\\Frontend\\el-skin-webapp\\src\\test-utils.tsx","statementMap":{"0":{"start":{"line":9,"column":18},"end":{"line":19,"column":1}},"1":{"start":{"line":10,"column":2},"end":{"line":18,"column":4}},"2":{"start":{"line":21,"column":21},"end":{"line":24,"column":49}},"3":{"start":{"line":24,"column":5},"end":{"line":24,"column":49}},"4":{"start":{"line":26,"column":25},"end":{"line":34,"column":1}},"5":{"start":{"line":29,"column":2},"end":{"line":29,"column":51}},"6":{"start":{"line":30,"column":2},"end":{"line":33,"column":4}}},"fnMap":{"0":{"name":"(anonymous_0)","decl":{"start":{"line":9,"column":18},"end":{"line":9,"column":19}},"loc":{"start":{"line":9,"column":63},"end":{"line":19,"column":1}},"line":9},"1":{"name":"(anonymous_1)","decl":{"start":{"line":21,"column":21},"end":{"line":21,"column":22}},"loc":{"start":{"line":24,"column":5},"end":{"line":24,"column":49}},"line":24},"2":{"name":"(anonymous_2)","decl":{"start":{"line":26,"column":25},"end":{"line":26,"column":26}},"loc":{"start":{"line":28,"column":26},"end":{"line":34,"column":1}},"line":28}},"branchMap":{"0":{"loc":{"start":{"line":28,"column":2},"end":{"line":28,"column":21}},"type":"default-arg","locations":[{"start":{"line":28,"column":19},"end":{"line":28,"column":21}}],"line":28},"1":{"loc":{"start":{"line":28,"column":4},"end":{"line":28,"column":15}},"type":"default-arg","locations":[{"start":{"line":28,"column":12},"end":{"line":28,"column":15}}],"line":28}},"s":{"0":3,"1":9,"2":3,"3":9,"4":3,"5":1,"6":1},"f":{"0":9,"1":9,"2":1},"b":{"0":[0],"1":[0]},"_coverageSchema":"1a1c01bbd47fc00a2c39e90264f33305004495a9","hash":"27f171dc1f88cf52229effcd4b5c826ecea39667"}
,"C:\\Users\\ecamillo\\Documents\\LevelUp\\Frontend\\el-skin-webapp\\src\\components\\ProductCard\\ProductCard.tsx": {"path":"C:\\Users\\ecamillo\\Documents\\LevelUp\\Frontend\\el-skin-webapp\\src\\components\\ProductCard\\ProductCard.tsx","statementMap":{"0":{"start":{"line":11,"column":48},"end":{"line":62,"column":1}},"1":{"start":{"line":16,"column":22},"end":{"line":18,"column":3}},"2":{"start":{"line":17,"column":4},"end":{"line":17,"column":54}},"3":{"start":{"line":20,"column":2},"end":{"line":61,"column":4}},"4":{"start":{"line":24,"column":21},"end":{"line":24,"column":47}},"5":{"start":{"line":38,"column":12},"end":{"line":43,"column":19}},"6":{"start":{"line":53,"column":28},"end":{"line":53,"column":50}}},"fnMap":{"0":{"name":"(anonymous_0)","decl":{"start":{"line":11,"column":48},"end":{"line":11,"column":49}},"loc":{"start":{"line":15,"column":6},"end":{"line":62,"column":1}},"line":15},"1":{"name":"(anonymous_1)","decl":{"start":{"line":16,"column":22},"end":{"line":16,"column":23}},"loc":{"start":{"line":16,"column":49},"end":{"line":18,"column":3}},"line":16},"2":{"name":"(anonymous_2)","decl":{"start":{"line":24,"column":15},"end":{"line":24,"column":16}},"loc":{"start":{"line":24,"column":21},"end":{"line":24,"column":47}},"line":24},"3":{"name":"(anonymous_3)","decl":{"start":{"line":37,"column":28},"end":{"line":37,"column":29}},"loc":{"start":{"line":38,"column":12},"end":{"line":43,"column":19}},"line":38},"4":{"name":"(anonymous_4)","decl":{"start":{"line":53,"column":21},"end":{"line":53,"column":22}},"loc":{"start":{"line":53,"column":28},"end":{"line":53,"column":50}},"line":53}},"branchMap":{},"s":{"0":2,"1":29,"2":29,"3":29,"4":1,"5":56,"6":1},"f":{"0":29,"1":29,"2":1,"3":56,"4":1},"b":{},"_coverageSchema":"1a1c01bbd47fc00a2c39e90264f33305004495a9","hash":"b804d4327e2f8a1e5ccd4b7b67c8cbb69e171d17"}
,"C:\\Users\\ecamillo\\Documents\\LevelUp\\Frontend\\el-skin-webapp\\src\\components\\ProductGrid\\ProductGrid.tsx": {"path":"C:\\Users\\ecamillo\\Documents\\LevelUp\\Frontend\\el-skin-webapp\\src\\components\\ProductGrid\\ProductGrid.tsx","statementMap":{"0":{"start":{"line":11,"column":34},"end":{"line":11,"column":58}},"1":{"start":{"line":12,"column":30},"end":{"line":12,"column":46}},"2":{"start":{"line":13,"column":50},"end":{"line":13,"column":74}},"3":{"start":{"line":14,"column":21},"end":{"line":14,"column":46}},"4":{"start":{"line":16,"column":2},"end":{"line":25,"column":9}},"5":{"start":{"line":17,"column":4},"end":{"line":24,"column":8}},"6":{"start":{"line":19,"column":8},"end":{"line":19,"column":26}},"7":{"start":{"line":22,"column":8},"end":{"line":22,"column":57}},"8":{"start":{"line":27,"column":2},"end":{"line":36,"column":25}},"9":{"start":{"line":28,"column":4},"end":{"line":35,"column":5}},"10":{"start":{"line":29,"column":6},"end":{"line":32,"column":9}},"11":{"start":{"line":30,"column":8},"end":{"line":31,"column":72}},"12":{"start":{"line":34,"column":6},"end":{"line":34,"column":41}},"13":{"start":{"line":38,"column":16},"end":{"line":38,"column":47}},"14":{"start":{"line":40,"column":29},"end":{"line":42,"column":3}},"15":{"start":{"line":41,"column":4},"end":{"line":41,"column":49}},"16":{"start":{"line":44,"column":25},"end":{"line":54,"column":3}},"17":{"start":{"line":45,"column":4},"end":{"line":45,"column":28}},"18":{"start":{"line":46,"column":25},"end":{"line":46,"column":95}},"19":{"start":{"line":46,"column":66},"end":{"line":46,"column":94}},"20":{"start":{"line":47,"column":4},"end":{"line":53,"column":5}},"21":{"start":{"line":48,"column":6},"end":{"line":48,"column":44}},"22":{"start":{"line":49,"column":6},"end":{"line":49,"column":13}},"23":{"start":{"line":51,"column":6},"end":{"line":51,"column":26}},"24":{"start":{"line":52,"column":6},"end":{"line":52,"column":13}},"25":{"start":{"line":56,"column":21},"end":{"line":58,"column":3}},"26":{"start":{"line":57,"column":4},"end":{"line":57,"column":87}},"27":{"start":{"line":60,"column":34},"end":{"line":62,"column":3}},"28":{"start":{"line":61,"column":4},"end":{"line":61,"column":104}},"29":{"start":{"line":64,"column":2},"end":{"line":89,"column":4}},"30":{"start":{"line":71,"column":14},"end":{"line":79,"column":20}}},"fnMap":{"0":{"name":"ProductGrid","decl":{"start":{"line":10,"column":9},"end":{"line":10,"column":20}},"loc":{"start":{"line":10,"column":23},"end":{"line":90,"column":1}},"line":10},"1":{"name":"(anonymous_1)","decl":{"start":{"line":16,"column":12},"end":{"line":16,"column":13}},"loc":{"start":{"line":16,"column":18},"end":{"line":25,"column":3}},"line":16},"2":{"name":"(anonymous_2)","decl":{"start":{"line":18,"column":12},"end":{"line":18,"column":13}},"loc":{"start":{"line":18,"column":34},"end":{"line":20,"column":7}},"line":18},"3":{"name":"(anonymous_3)","decl":{"start":{"line":21,"column":13},"end":{"line":21,"column":14}},"loc":{"start":{"line":21,"column":31},"end":{"line":23,"column":7}},"line":21},"4":{"name":"(anonymous_4)","decl":{"start":{"line":27,"column":12},"end":{"line":27,"column":13}},"loc":{"start":{"line":27,"column":18},"end":{"line":36,"column":3}},"line":27},"5":{"name":"(anonymous_5)","decl":{"start":{"line":29,"column":42},"end":{"line":29,"column":43}},"loc":{"start":{"line":30,"column":8},"end":{"line":31,"column":72}},"line":30},"6":{"name":"(anonymous_6)","decl":{"start":{"line":40,"column":29},"end":{"line":40,"column":30}},"loc":{"start":{"line":40,"column":52},"end":{"line":42,"column":3}},"line":40},"7":{"name":"(anonymous_7)","decl":{"start":{"line":44,"column":25},"end":{"line":44,"column":26}},"loc":{"start":{"line":44,"column":73},"end":{"line":54,"column":3}},"line":44},"8":{"name":"(anonymous_8)","decl":{"start":{"line":46,"column":49},"end":{"line":46,"column":50}},"loc":{"start":{"line":46,"column":66},"end":{"line":46,"column":94}},"line":46},"9":{"name":"(anonymous_9)","decl":{"start":{"line":56,"column":21},"end":{"line":56,"column":22}},"loc":{"start":{"line":56,"column":44},"end":{"line":58,"column":3}},"line":56},"10":{"name":"(anonymous_10)","decl":{"start":{"line":60,"column":34},"end":{"line":60,"column":35}},"loc":{"start":{"line":60,"column":72},"end":{"line":62,"column":3}},"line":60},"11":{"name":"(anonymous_11)","decl":{"start":{"line":70,"column":34},"end":{"line":70,"column":35}},"loc":{"start":{"line":71,"column":14},"end":{"line":79,"column":20}},"line":71}},"branchMap":{"0":{"loc":{"start":{"line":28,"column":4},"end":{"line":35,"column":5}},"type":"if","locations":[{"start":{"line":28,"column":4},"end":{"line":35,"column":5}},{"start":{"line":33,"column":11},"end":{"line":35,"column":5}}],"line":28},"1":{"loc":{"start":{"line":30,"column":8},"end":{"line":31,"column":72}},"type":"binary-expr","locations":[{"start":{"line":30,"column":8},"end":{"line":30,"column":65}},{"start":{"line":31,"column":8},"end":{"line":31,"column":72}}],"line":30},"2":{"loc":{"start":{"line":47,"column":4},"end":{"line":53,"column":5}},"type":"if","locations":[{"start":{"line":47,"column":4},"end":{"line":53,"column":5}},{"start":{"line":50,"column":11},"end":{"line":53,"column":5}}],"line":47},"3":{"loc":{"start":{"line":68,"column":9},"end":{"line":85,"column":16}},"type":"cond-expr","locations":[{"start":{"line":69,"column":10},"end":{"line":81,"column":16}},{"start":{"line":83,"column":10},"end":{"line":85,"column":16}}],"line":68}},"s":{"0":16,"1":16,"2":16,"3":16,"4":16,"5":4,"6":4,"7":0,"8":16,"9":8,"10":2,"11":8,"12":6,"13":16,"14":16,"15":0,"16":16,"17":0,"18":0,"19":0,"20":0,"21":0,"22":0,"23":0,"24":0,"25":16,"26":0,"27":16,"28":0,"29":16,"30":27},"f":{"0":16,"1":4,"2":4,"3":0,"4":8,"5":8,"6":0,"7":0,"8":0,"9":0,"10":0,"11":27},"b":{"0":[2,6],"1":[8,5],"2":[0,0],"3":[4,12]},"_coverageSchema":"1a1c01bbd47fc00a2c39e90264f33305004495a9","hash":"cfc444e51acbdb738d9631d4998b1fd57ad7ad68"}
,"C:\\Users\\ecamillo\\Documents\\LevelUp\\Frontend\\el-skin-webapp\\src\\context\\CartContext.tsx": {"path":"C:\\Users\\ecamillo\\Documents\\LevelUp\\Frontend\\el-skin-webapp\\src\\context\\CartContext.tsx","statementMap":{"0":{"start":{"line":23,"column":27},"end":{"line":23,"column":80}},"1":{"start":{"line":25,"column":57},"end":{"line":35,"column":1}},"2":{"start":{"line":26,"column":28},"end":{"line":26,"column":73}},"3":{"start":{"line":28,"column":28},"end":{"line":28,"column":102}},"4":{"start":{"line":28,"column":74},"end":{"line":28,"column":98}},"5":{"start":{"line":30,"column":25},"end":{"line":30,"column":96}},"6":{"start":{"line":30,"column":71},"end":{"line":30,"column":92}},"7":{"start":{"line":32,"column":2},"end":{"line":34,"column":17}},"8":{"start":{"line":37,"column":30},"end":{"line":43,"column":1}},"9":{"start":{"line":38,"column":18},"end":{"line":38,"column":41}},"10":{"start":{"line":39,"column":2},"end":{"line":41,"column":3}},"11":{"start":{"line":40,"column":4},"end":{"line":40,"column":73}},"12":{"start":{"line":42,"column":2},"end":{"line":42,"column":17}}},"fnMap":{"0":{"name":"(anonymous_0)","decl":{"start":{"line":25,"column":57},"end":{"line":25,"column":58}},"loc":{"start":{"line":25,"column":75},"end":{"line":35,"column":1}},"line":25},"1":{"name":"(anonymous_1)","decl":{"start":{"line":28,"column":54},"end":{"line":28,"column":55}},"loc":{"start":{"line":28,"column":74},"end":{"line":28,"column":98}},"line":28},"2":{"name":"(anonymous_2)","decl":{"start":{"line":30,"column":51},"end":{"line":30,"column":52}},"loc":{"start":{"line":30,"column":71},"end":{"line":30,"column":92}},"line":30},"3":{"name":"(anonymous_3)","decl":{"start":{"line":37,"column":30},"end":{"line":37,"column":31}},"loc":{"start":{"line":37,"column":53},"end":{"line":43,"column":1}},"line":37}},"branchMap":{"0":{"loc":{"start":{"line":39,"column":2},"end":{"line":41,"column":3}},"type":"if","locations":[{"start":{"line":39,"column":2},"end":{"line":41,"column":3}},{"start":{},"end":{}}],"line":39}},"s":{"0":3,"1":3,"2":9,"3":9,"4":0,"5":9,"6":0,"7":9,"8":3,"9":16,"10":16,"11":0,"12":16},"f":{"0":9,"1":0,"2":0,"3":16},"b":{"0":[0,16]},"_coverageSchema":"1a1c01bbd47fc00a2c39e90264f33305004495a9","hash":"0286029b6aeca50022d6459be66451cb2923d332"}
,"C:\\Users\\ecamillo\\Documents\\LevelUp\\Frontend\\el-skin-webapp\\src\\context\\SearchContext.tsx": {"path":"C:\\Users\\ecamillo\\Documents\\LevelUp\\Frontend\\el-skin-webapp\\src\\context\\SearchContext.tsx","statementMap":{"0":{"start":{"line":3,"column":29},"end":{"line":6,"column":2}},"1":{"start":{"line":5,"column":19},"end":{"line":5,"column":23}},"2":{"start":{"line":8,"column":69},"end":{"line":21,"column":1}},"3":{"start":{"line":9,"column":30},"end":{"line":9,"column":50}},"4":{"start":{"line":11,"column":23},"end":{"line":14,"column":15}},"5":{"start":{"line":11,"column":38},"end":{"line":14,"column":3}},"6":{"start":{"line":16,"column":2},"end":{"line":20,"column":4}}},"fnMap":{"0":{"name":"(anonymous_0)","decl":{"start":{"line":5,"column":13},"end":{"line":5,"column":14}},"loc":{"start":{"line":5,"column":19},"end":{"line":5,"column":23}},"line":5},"1":{"name":"(anonymous_1)","decl":{"start":{"line":8,"column":69},"end":{"line":8,"column":70}},"loc":{"start":{"line":8,"column":85},"end":{"line":21,"column":1}},"line":8},"2":{"name":"(anonymous_2)","decl":{"start":{"line":11,"column":31},"end":{"line":11,"column":32}},"loc":{"start":{"line":11,"column":38},"end":{"line":14,"column":3}},"line":11}},"branchMap":{},"s":{"0":3,"1":0,"2":3,"3":9,"4":9,"5":9,"6":9},"f":{"0":0,"1":9,"2":9},"b":{},"_coverageSchema":"1a1c01bbd47fc00a2c39e90264f33305004495a9","hash":"5a1644905ed100b63f2cb4bcf763c3dbe7e8d65b"}
,"C:\\Users\\ecamillo\\Documents\\LevelUp\\Frontend\\el-skin-webapp\\src\\mocks\\productsMock.ts": {"path":"C:\\Users\\ecamillo\\Documents\\LevelUp\\Frontend\\el-skin-webapp\\src\\mocks\\productsMock.ts","statementMap":{"0":{"start":{"line":1,"column":28},"end":{"line":90,"column":1}}},"fnMap":{},"branchMap":{},"s":{"0":1},"f":{},"b":{},"_coverageSchema":"1a1c01bbd47fc00a2c39e90264f33305004495a9","hash":"99092ea985f1808fabc76e13ccf60126f1dd4600"}
,"C:\\Users\\ecamillo\\Documents\\LevelUp\\Frontend\\el-skin-webapp\\src\\pages\\About\\About.tsx": {"path":"C:\\Users\\ecamillo\\Documents\\LevelUp\\Frontend\\el-skin-webapp\\src\\pages\\About\\About.tsx","statementMap":{"0":{"start":{"line":9,"column":2},"end":{"line":58,"column":4}}},"fnMap":{"0":{"name":"About","decl":{"start":{"line":8,"column":9},"end":{"line":8,"column":14}},"loc":{"start":{"line":8,"column":17},"end":{"line":59,"column":1}},"line":8}},"branchMap":{},"s":{"0":4},"f":{"0":4},"b":{},"_coverageSchema":"1a1c01bbd47fc00a2c39e90264f33305004495a9","hash":"35920de04b1f6aacb06b985564c3241da35feaa5"}
,"C:\\Users\\ecamillo\\Documents\\LevelUp\\Frontend\\el-skin-webapp\\src\\types\\IProduct.ts": {"path":"C:\\Users\\ecamillo\\Documents\\LevelUp\\Frontend\\el-skin-webapp\\src\\types\\IProduct.ts","statementMap":{},"fnMap":{},"branchMap":{},"s":{},"f":{},"b":{}}
}
