TN:
SF:src\App.tsx
FN:9,App
FNF:1
FNH:0
FNDA:0,App
DA:10,0
LF:1
LH:0
BRF:0
BRH:0
end_of_record
TN:
SF:src\index.tsx
FNF:0
FNH:0
DA:6,0
DA:9,0
DA:18,0
LF:3
LH:0
BRF:0
BRH:0
end_of_record
TN:
SF:src\reportWebVitals.ts
FN:3,(anonymous_0)
FN:5,(anonymous_1)
FNF:2
FNH:0
FNDA:0,(anonymous_0)
FNDA:0,(anonymous_1)
DA:3,0
DA:4,0
DA:5,0
DA:6,0
DA:7,0
DA:8,0
DA:9,0
DA:10,0
LF:8
LH:0
BRDA:4,0,0,0
BRDA:4,0,1,0
BRDA:4,1,0,0
BRDA:4,1,1,0
BRF:4
BRH:0
end_of_record
TN:
SF:src\routes.tsx
FN:9,AppRouter
FNF:1
FNH:0
FNDA:0,AppRouter
DA:10,0
LF:1
LH:0
BRF:0
BRH:0
end_of_record
TN:
SF:src\test-utils.tsx
FN:11,(anonymous_0)
FN:25,(anonymous_1)
FN:30,(anonymous_2)
FNF:3
FNH:3
FNDA:21,(anonymous_0)
FNDA:20,(anonymous_1)
FNDA:1,(anonymous_2)
DA:11,7
DA:12,21
DA:25,7
DA:28,20
DA:30,7
DA:33,1
DA:34,1
LF:7
LH:7
BRDA:32,0,0,0
BRDA:32,1,0,0
BRF:2
BRH:0
end_of_record
TN:
SF:src\components\Banner\Banner.tsx
FN:3,Banner
FN:17,(anonymous_1)
FN:29,(anonymous_2)
FN:34,(anonymous_3)
FN:38,(anonymous_4)
FN:39,(anonymous_5)
FN:41,(anonymous_6)
FNF:7
FNH:0
FNDA:0,Banner
FNDA:0,(anonymous_1)
FNDA:0,(anonymous_2)
FNDA:0,(anonymous_3)
FNDA:0,(anonymous_4)
FNDA:0,(anonymous_5)
FNDA:0,(anonymous_6)
DA:4,0
DA:15,0
DA:17,0
DA:22,0
DA:28,0
DA:29,0
DA:33,0
DA:34,0
DA:37,0
DA:38,0
DA:39,0
DA:41,0
LF:12
LH:0
BRF:0
BRH:0
end_of_record
TN:
SF:src\components\Carousel\Carousel.tsx
FN:17,Carousel
FN:24,previousItem
FN:25,(anonymous_2)
FN:28,nextItem
FN:29,(anonymous_4)
FN:32,(anonymous_5)
FN:36,getCarouselItems
FN:37,(anonymous_7)
FN:42,(anonymous_8)
FN:43,(anonymous_9)
FN:47,(anonymous_10)
FN:127,(anonymous_11)
FN:132,(anonymous_12)
FN:156,(anonymous_13)
FN:161,(anonymous_14)
FN:163,(anonymous_15)
FN:173,(anonymous_16)
FN:174,(anonymous_17)
FN:182,(anonymous_18)
FN:183,(anonymous_19)
FN:191,(anonymous_20)
FN:196,(anonymous_21)
FN:199,(anonymous_22)
FN:203,(anonymous_23)
FN:208,(anonymous_24)
FN:210,(anonymous_25)
FNF:26
FNH:0
FNDA:0,Carousel
FNDA:0,previousItem
FNDA:0,(anonymous_2)
FNDA:0,nextItem
FNDA:0,(anonymous_4)
FNDA:0,(anonymous_5)
FNDA:0,getCarouselItems
FNDA:0,(anonymous_7)
FNDA:0,(anonymous_8)
FNDA:0,(anonymous_9)
FNDA:0,(anonymous_10)
FNDA:0,(anonymous_11)
FNDA:0,(anonymous_12)
FNDA:0,(anonymous_13)
FNDA:0,(anonymous_14)
FNDA:0,(anonymous_15)
FNDA:0,(anonymous_16)
FNDA:0,(anonymous_17)
FNDA:0,(anonymous_18)
FNDA:0,(anonymous_19)
FNDA:0,(anonymous_20)
FNDA:0,(anonymous_21)
FNDA:0,(anonymous_22)
FNDA:0,(anonymous_23)
FNDA:0,(anonymous_24)
FNDA:0,(anonymous_25)
DA:18,0
DA:20,0
DA:22,0
DA:25,0
DA:29,0
DA:32,0
DA:33,0
DA:37,0
DA:38,0
DA:42,0
DA:43,0
DA:44,0
DA:47,0
DA:48,0
DA:52,0
DA:81,0
DA:105,0
DA:114,0
DA:122,0
DA:127,0
DA:132,0
DA:141,0
DA:152,0
DA:156,0
DA:160,0
DA:161,0
DA:163,0
DA:171,0
DA:173,0
DA:174,0
DA:181,0
DA:182,0
DA:183,0
DA:190,0
DA:191,0
DA:196,0
DA:199,0
DA:203,0
DA:208,0
DA:210,0
LF:40
LH:0
BRDA:25,0,0,0
BRDA:25,0,1,0
BRDA:29,1,0,0
BRDA:29,1,1,0
BRF:4
BRH:0
end_of_record
TN:
SF:src\components\Cart\Cart.tsx
FN:12,Cart
FN:15,(anonymous_1)
FN:20,(anonymous_2)
FN:31,(anonymous_3)
FN:35,(anonymous_4)
FN:42,(anonymous_5)
FN:44,(anonymous_6)
FN:48,(anonymous_7)
FN:74,(anonymous_8)
FN:74,(anonymous_9)
FN:74,(anonymous_10)
FN:74,(anonymous_11)
FN:83,(anonymous_12)
FN:84,(anonymous_13)
FN:93,(anonymous_14)
FN:98,(anonymous_15)
FN:105,(anonymous_16)
FN:123,(anonymous_17)
FN:137,(anonymous_18)
FN:137,(anonymous_19)
FN:137,(anonymous_20)
FN:143,(anonymous_21)
FN:143,(anonymous_22)
FN:143,(anonymous_23)
FN:143,(anonymous_24)
FN:149,(anonymous_25)
FN:149,(anonymous_26)
FN:149,(anonymous_27)
FN:153,(anonymous_28)
FN:164,(anonymous_29)
FN:168,(anonymous_30)
FN:180,(anonymous_31)
FN:181,(anonymous_32)
FN:186,(anonymous_33)
FN:191,(anonymous_34)
FN:195,(anonymous_35)
FN:195,(anonymous_36)
FN:195,(anonymous_37)
FN:195,(anonymous_38)
FN:208,(anonymous_39)
FN:209,(anonymous_40)
FN:209,(anonymous_41)
FN:210,(anonymous_42)
FN:211,(anonymous_43)
FN:214,(anonymous_44)
FN:219,(anonymous_45)
FN:224,(anonymous_46)
FN:227,(anonymous_47)
FN:232,(anonymous_48)
FN:242,(anonymous_49)
FNF:50
FNH:49
FNDA:33,Cart
FNDA:12,(anonymous_1)
FNDA:4,(anonymous_2)
FNDA:1,(anonymous_3)
FNDA:4,(anonymous_4)
FNDA:1,(anonymous_5)
FNDA:1,(anonymous_6)
FNDA:0,(anonymous_7)
FNDA:8,(anonymous_8)
FNDA:8,(anonymous_9)
FNDA:8,(anonymous_10)
FNDA:8,(anonymous_11)
FNDA:12,(anonymous_12)
FNDA:12,(anonymous_13)
FNDA:4,(anonymous_14)
FNDA:8,(anonymous_15)
FNDA:8,(anonymous_16)
FNDA:8,(anonymous_17)
FNDA:8,(anonymous_18)
FNDA:8,(anonymous_19)
FNDA:8,(anonymous_20)
FNDA:8,(anonymous_21)
FNDA:8,(anonymous_22)
FNDA:8,(anonymous_23)
FNDA:8,(anonymous_24)
FNDA:4,(anonymous_25)
FNDA:4,(anonymous_26)
FNDA:4,(anonymous_27)
FNDA:4,(anonymous_28)
FNDA:4,(anonymous_29)
FNDA:4,(anonymous_30)
FNDA:4,(anonymous_31)
FNDA:4,(anonymous_32)
FNDA:4,(anonymous_33)
FNDA:4,(anonymous_34)
FNDA:4,(anonymous_35)
FNDA:4,(anonymous_36)
FNDA:4,(anonymous_37)
FNDA:4,(anonymous_38)
FNDA:8,(anonymous_39)
FNDA:8,(anonymous_40)
FNDA:8,(anonymous_41)
FNDA:8,(anonymous_42)
FNDA:8,(anonymous_43)
FNDA:8,(anonymous_44)
FNDA:8,(anonymous_45)
FNDA:8,(anonymous_46)
FNDA:8,(anonymous_47)
FNDA:8,(anonymous_48)
FNDA:8,(anonymous_49)
DA:13,33
DA:15,33
DA:16,12
DA:17,12
DA:20,33
DA:21,4
DA:22,4
DA:25,33
DA:26,8
DA:31,1
DA:36,4
DA:42,1
DA:44,1
DA:48,0
DA:66,25
DA:73,3
DA:74,8
DA:82,3
DA:83,12
DA:84,12
DA:92,3
DA:93,4
DA:96,3
DA:98,8
DA:105,8
DA:108,3
DA:123,8
DA:126,3
DA:137,8
DA:142,3
DA:143,8
DA:146,3
DA:149,4
DA:152,3
DA:153,4
DA:157,3
DA:164,4
DA:167,3
DA:168,4
DA:171,3
DA:179,3
DA:180,4
DA:181,4
DA:186,4
DA:189,3
DA:191,4
DA:194,3
DA:195,4
DA:199,3
DA:207,3
DA:208,8
DA:209,8
DA:210,8
DA:211,8
DA:214,8
DA:218,3
DA:219,8
DA:224,8
DA:227,8
DA:232,8
DA:242,8
LF:61
LH:60
BRDA:25,0,0,8
BRDA:25,0,1,25
BRDA:34,1,0,4
BRDA:34,1,1,4
BRDA:38,2,0,4
BRDA:38,2,1,0
BRF:6
BRH:5
end_of_record
TN:
SF:src\components\Footer\Footer.tsx
FN:32,(anonymous_0)
FN:103,(anonymous_1)
FN:112,(anonymous_2)
FN:115,(anonymous_3)
FN:128,(anonymous_4)
FN:132,(anonymous_5)
FN:161,(anonymous_6)
FN:170,(anonymous_7)
FN:170,(anonymous_8)
FN:174,(anonymous_9)
FN:182,(anonymous_10)
FN:197,(anonymous_11)
FN:205,(anonymous_12)
FN:206,(anonymous_13)
FN:209,(anonymous_14)
FN:211,(anonymous_15)
FN:214,(anonymous_16)
FN:221,(anonymous_17)
FN:240,(anonymous_18)
FN:242,(anonymous_19)
FN:264,(anonymous_20)
FN:266,(anonymous_21)
FN:273,(anonymous_22)
FN:277,(anonymous_23)
FN:284,(anonymous_24)
FN:291,(anonymous_25)
FN:299,(anonymous_26)
FNF:27
FNH:0
FNDA:0,(anonymous_0)
FNDA:0,(anonymous_1)
FNDA:0,(anonymous_2)
FNDA:0,(anonymous_3)
FNDA:0,(anonymous_4)
FNDA:0,(anonymous_5)
FNDA:0,(anonymous_6)
FNDA:0,(anonymous_7)
FNDA:0,(anonymous_8)
FNDA:0,(anonymous_9)
FNDA:0,(anonymous_10)
FNDA:0,(anonymous_11)
FNDA:0,(anonymous_12)
FNDA:0,(anonymous_13)
FNDA:0,(anonymous_14)
FNDA:0,(anonymous_15)
FNDA:0,(anonymous_16)
FNDA:0,(anonymous_17)
FNDA:0,(anonymous_18)
FNDA:0,(anonymous_19)
FNDA:0,(anonymous_20)
FNDA:0,(anonymous_21)
FNDA:0,(anonymous_22)
FNDA:0,(anonymous_23)
FNDA:0,(anonymous_24)
FNDA:0,(anonymous_25)
FNDA:0,(anonymous_26)
DA:32,0
DA:33,0
DA:71,0
DA:103,0
DA:104,0
DA:107,0
DA:113,0
DA:115,0
DA:129,0
DA:133,0
DA:160,0
DA:161,0
DA:167,0
DA:170,0
DA:174,0
DA:181,0
DA:182,0
DA:187,0
DA:194,0
DA:197,0
DA:205,0
DA:206,0
DA:209,0
DA:211,0
DA:214,0
DA:220,0
DA:221,0
DA:226,0
DA:233,0
DA:240,0
DA:242,0
DA:260,0
DA:264,0
DA:266,0
DA:273,0
DA:277,0
DA:283,0
DA:284,0
DA:291,0
DA:298,0
DA:299,0
DA:304,0
LF:42
LH:0
BRF:0
BRH:0
end_of_record
TN:
SF:src\components\Header\Header.tsx
FN:11,Header
FN:16,handleOnChange
FN:20,onClickSearch
FN:24,openCart
FN:49,(anonymous_4)
FN:62,(anonymous_5)
FN:63,(anonymous_6)
FN:64,(anonymous_7)
FN:68,(anonymous_8)
FN:76,(anonymous_9)
FN:83,(anonymous_10)
FN:85,(anonymous_11)
FN:86,(anonymous_12)
FN:99,(anonymous_13)
FN:105,(anonymous_14)
FN:105,(anonymous_15)
FN:105,(anonymous_16)
FN:106,(anonymous_17)
FN:107,(anonymous_18)
FN:109,(anonymous_19)
FN:114,(anonymous_20)
FN:118,(anonymous_21)
FN:130,(anonymous_22)
FN:131,(anonymous_23)
FN:132,(anonymous_24)
FN:136,(anonymous_25)
FN:139,(anonymous_26)
FN:152,(anonymous_27)
FN:153,(anonymous_28)
FN:154,(anonymous_29)
FN:158,(anonymous_30)
FN:161,(anonymous_31)
FN:166,(anonymous_32)
FN:167,(anonymous_33)
FN:168,(anonymous_34)
FNF:35
FNH:34
FNDA:33,Header
FNDA:10,handleOnChange
FNDA:0,onClickSearch
FNDA:6,openCart
FNDA:1,(anonymous_4)
FNDA:33,(anonymous_5)
FNDA:33,(anonymous_6)
FNDA:33,(anonymous_7)
FNDA:33,(anonymous_8)
FNDA:33,(anonymous_9)
FNDA:33,(anonymous_10)
FNDA:33,(anonymous_11)
FNDA:33,(anonymous_12)
FNDA:33,(anonymous_13)
FNDA:33,(anonymous_14)
FNDA:33,(anonymous_15)
FNDA:33,(anonymous_16)
FNDA:33,(anonymous_17)
FNDA:33,(anonymous_18)
FNDA:33,(anonymous_19)
FNDA:33,(anonymous_20)
FNDA:33,(anonymous_21)
FNDA:33,(anonymous_22)
FNDA:33,(anonymous_23)
FNDA:33,(anonymous_24)
FNDA:33,(anonymous_25)
FNDA:33,(anonymous_26)
FNDA:33,(anonymous_27)
FNDA:33,(anonymous_28)
FNDA:33,(anonymous_29)
FNDA:33,(anonymous_30)
FNDA:33,(anonymous_31)
FNDA:33,(anonymous_32)
FNDA:33,(anonymous_33)
FNDA:33,(anonymous_34)
DA:12,33
DA:13,33
DA:14,33
DA:17,10
DA:21,0
DA:25,6
DA:26,6
DA:29,33
DA:49,1
DA:61,3
DA:62,33
DA:63,33
DA:64,33
DA:67,3
DA:68,33
DA:72,3
DA:76,33
DA:82,3
DA:83,33
DA:85,33
DA:86,33
DA:96,3
DA:99,33
DA:103,3
DA:105,33
DA:106,33
DA:107,33
DA:109,33
DA:114,33
DA:118,33
DA:122,3
DA:130,33
DA:131,33
DA:132,33
DA:136,33
DA:139,33
DA:143,3
DA:148,3
DA:152,33
DA:153,33
DA:154,33
DA:158,33
DA:161,33
DA:165,3
DA:166,33
DA:167,33
DA:168,33
DA:171,3
LF:48
LH:47
BRF:0
BRH:0
end_of_record
TN:
SF:src\components\Navigation\Navigation.tsx
FN:16,Navigation
FN:20,(anonymous_1)
FN:43,(anonymous_2)
FN:50,(anonymous_3)
FN:54,(anonymous_4)
FN:55,(anonymous_5)
FN:61,(anonymous_6)
FNF:7
FNH:7
FNDA:33,Navigation
FNDA:132,(anonymous_1)
FNDA:33,(anonymous_2)
FNDA:132,(anonymous_3)
FNDA:33,(anonymous_4)
FNDA:33,(anonymous_5)
FNDA:132,(anonymous_6)
DA:9,3
DA:17,33
DA:21,132
DA:31,3
DA:40,3
DA:43,33
DA:48,3
DA:50,132
DA:53,3
DA:54,33
DA:55,33
DA:58,3
DA:61,132
LF:13
LH:13
BRF:0
BRH:0
end_of_record
TN:
SF:src\components\ProductCard\ProductCard.tsx
FN:11,(anonymous_0)
FN:16,(anonymous_1)
FN:21,(anonymous_2)
FN:35,(anonymous_3)
FN:52,(anonymous_4)
FN:65,(anonymous_5)
FN:67,(anonymous_6)
FN:68,(anonymous_7)
FN:72,(anonymous_8)
FN:79,(anonymous_9)
FN:115,(anonymous_10)
FN:119,(anonymous_11)
FN:120,(anonymous_12)
FN:123,(anonymous_13)
FN:127,(anonymous_14)
FN:129,(anonymous_15)
FN:137,(anonymous_16)
FN:143,(anonymous_17)
FN:145,(anonymous_18)
FN:149,(anonymous_19)
FN:151,(anonymous_20)
FN:157,(anonymous_21)
FN:158,(anonymous_22)
FN:182,(anonymous_23)
FN:183,(anonymous_24)
FN:187,(anonymous_25)
FN:188,(anonymous_26)
FNF:27
FNH:27
FNDA:101,(anonymous_0)
FNDA:101,(anonymous_1)
FNDA:2,(anonymous_2)
FNDA:200,(anonymous_3)
FNDA:5,(anonymous_4)
FNDA:101,(anonymous_5)
FNDA:101,(anonymous_6)
FNDA:101,(anonymous_7)
FNDA:101,(anonymous_8)
FNDA:101,(anonymous_9)
FNDA:101,(anonymous_10)
FNDA:101,(anonymous_11)
FNDA:101,(anonymous_12)
FNDA:101,(anonymous_13)
FNDA:101,(anonymous_14)
FNDA:101,(anonymous_15)
FNDA:101,(anonymous_16)
FNDA:101,(anonymous_17)
FNDA:101,(anonymous_18)
FNDA:101,(anonymous_19)
FNDA:101,(anonymous_20)
FNDA:101,(anonymous_21)
FNDA:101,(anonymous_22)
FNDA:200,(anonymous_23)
FNDA:200,(anonymous_24)
FNDA:200,(anonymous_25)
FNDA:200,(anonymous_26)
DA:11,5
DA:16,101
DA:17,101
DA:20,101
DA:21,2
DA:36,200
DA:52,5
DA:63,5
DA:65,101
DA:67,101
DA:68,101
DA:72,101
DA:79,101
DA:83,5
DA:87,5
DA:103,5
DA:107,5
DA:114,5
DA:115,101
DA:119,101
DA:120,101
DA:123,101
DA:127,101
DA:129,101
DA:137,101
DA:142,5
DA:143,101
DA:145,101
DA:148,5
DA:149,101
DA:151,101
DA:156,5
DA:157,101
DA:158,101
DA:168,5
DA:180,5
DA:182,200
DA:183,200
DA:187,200
DA:188,200
LF:40
LH:40
BRDA:187,0,0,63
BRDA:187,0,1,137
BRDA:187,1,0,12
BRDA:187,1,1,125
BRDA:188,2,0,63
BRDA:188,2,1,137
BRDA:188,3,0,12
BRDA:188,3,1,125
BRF:8
BRH:8
end_of_record
TN:
SF:src\components\ProductGrid\ProductGrid.tsx
FN:9,ProductGrid
FN:15,(anonymous_1)
FN:17,(anonymous_2)
FN:20,(anonymous_3)
FN:26,(anonymous_4)
FN:28,(anonymous_5)
FN:39,(anonymous_6)
FN:43,(anonymous_7)
FN:45,(anonymous_8)
FN:61,(anonymous_9)
FN:85,(anonymous_10)
FN:95,(anonymous_11)
FN:97,(anonymous_12)
FN:111,(anonymous_13)
FNF:14
FNH:13
FNDA:44,ProductGrid
FNDA:11,(anonymous_1)
FNDA:10,(anonymous_2)
FNDA:0,(anonymous_3)
FNDA:20,(anonymous_4)
FNDA:8,(anonymous_5)
FNDA:1,(anonymous_6)
FNDA:4,(anonymous_7)
FNDA:4,(anonymous_8)
FNDA:99,(anonymous_9)
FNDA:44,(anonymous_10)
FNDA:44,(anonymous_11)
FNDA:44,(anonymous_12)
FNDA:31,(anonymous_13)
DA:10,44
DA:11,44
DA:12,44
DA:13,44
DA:15,44
DA:16,11
DA:18,10
DA:21,0
DA:26,44
DA:27,20
DA:28,3
DA:29,8
DA:33,17
DA:37,44
DA:39,44
DA:40,1
DA:43,44
DA:44,4
DA:45,4
DA:47,4
DA:48,0
DA:49,0
DA:52,4
DA:55,44
DA:62,99
DA:83,4
DA:85,44
DA:88,4
DA:93,4
DA:95,44
DA:97,44
DA:102,4
DA:109,4
DA:111,31
LF:34
LH:31
BRDA:27,0,0,3
BRDA:27,0,1,17
BRDA:29,1,0,8
BRDA:29,1,1,5
BRDA:47,2,0,0
BRDA:47,2,1,4
BRDA:59,3,0,13
BRDA:59,3,1,31
BRF:8
BRH:7
end_of_record
TN:
SF:src\context\CartContext.tsx
FN:20,(anonymous_0)
FN:27,(anonymous_1)
FNF:2
FNH:2
FNDA:27,(anonymous_0)
FNDA:110,(anonymous_1)
DA:18,7
DA:20,7
DA:21,27
DA:22,27
DA:27,7
DA:28,110
DA:29,110
DA:30,0
DA:31,0
DA:33,110
LF:10
LH:8
BRDA:29,0,0,0
BRDA:29,0,1,110
BRF:2
BRH:1
end_of_record
TN:
SF:src\context\SearchContext.tsx
FN:5,(anonymous_0)
FN:8,(anonymous_1)
FN:11,(anonymous_2)
FNF:3
FNH:2
FNDA:0,(anonymous_0)
FNDA:31,(anonymous_1)
FNDA:31,(anonymous_2)
DA:3,7
DA:5,0
DA:8,7
DA:9,31
DA:11,31
DA:16,31
LF:6
LH:5
BRF:0
BRH:0
end_of_record
TN:
SF:src\hooks\useCart.ts
FN:21,(anonymous_0)
FN:24,(anonymous_1)
FN:25,(anonymous_2)
FN:26,(anonymous_3)
FN:29,(anonymous_4)
FN:40,(anonymous_5)
FN:41,(anonymous_6)
FN:41,(anonymous_7)
FN:44,(anonymous_8)
FN:50,(anonymous_9)
FN:51,(anonymous_10)
FN:57,(anonymous_11)
FN:61,(anonymous_12)
FN:62,(anonymous_13)
FN:65,(anonymous_14)
FN:66,(anonymous_15)
FNF:16
FNH:12
FNDA:33,(anonymous_0)
FNDA:7,(anonymous_1)
FNDA:7,(anonymous_2)
FNDA:2,(anonymous_3)
FNDA:2,(anonymous_4)
FNDA:0,(anonymous_5)
FNDA:0,(anonymous_6)
FNDA:0,(anonymous_7)
FNDA:2,(anonymous_8)
FNDA:2,(anonymous_9)
FNDA:2,(anonymous_10)
FNDA:0,(anonymous_11)
FNDA:34,(anonymous_12)
FNDA:8,(anonymous_13)
FNDA:33,(anonymous_14)
FNDA:9,(anonymous_15)
DA:21,8
DA:22,33
DA:24,33
DA:25,7
DA:26,7
DA:28,7
DA:29,2
DA:30,2
DA:36,5
DA:40,33
DA:41,0
DA:44,33
DA:45,2
DA:46,0
DA:47,0
DA:50,2
DA:51,2
DA:52,2
DA:57,33
DA:58,0
DA:61,33
DA:62,34
DA:65,33
DA:66,33
DA:69,33
LF:25
LH:21
BRDA:28,0,0,2
BRDA:28,0,1,5
BRDA:30,1,0,2
BRDA:30,1,1,0
BRDA:45,2,0,0
BRDA:45,2,1,2
BRDA:52,3,0,2
BRDA:52,3,1,0
BRF:8
BRH:5
end_of_record
TN:
SF:src\mocks\carouselMock.ts
FNF:0
FNH:0
DA:1,0
LF:1
LH:0
BRF:0
BRH:0
end_of_record
TN:
SF:src\mocks\handlers.ts
FN:6,(anonymous_0)
FN:9,(anonymous_1)
FNF:2
FNH:0
FNDA:0,(anonymous_0)
FNDA:0,(anonymous_1)
DA:5,0
DA:7,0
DA:10,0
LF:3
LH:0
BRF:0
BRH:0
end_of_record
TN:
SF:src\mocks\node.ts
FNF:0
FNH:0
DA:4,0
LF:1
LH:0
BRF:0
BRH:0
end_of_record
TN:
SF:src\mocks\productsMock.ts
FNF:0
FNH:0
DA:1,1
LF:1
LH:1
BRF:0
BRH:0
end_of_record
TN:
SF:src\pages\About\About.tsx
FN:8,About
FN:75,(anonymous_1)
FN:91,(anonymous_2)
FN:112,(anonymous_3)
FNF:4
FNH:4
FNDA:4,About
FNDA:4,(anonymous_1)
FNDA:4,(anonymous_2)
FNDA:4,(anonymous_3)
DA:9,4
DA:60,1
DA:69,1
DA:74,1
DA:75,4
DA:78,1
DA:83,1
DA:90,1
DA:91,4
DA:99,1
DA:104,1
DA:108,1
DA:112,4
LF:13
LH:13
BRF:0
BRH:0
end_of_record
TN:
SF:src\pages\Contact\Contact.tsx
FN:11,Contact
FN:33,enviarMensagem
FN:56,(anonymous_2)
FN:116,(anonymous_3)
FN:124,(anonymous_4)
FN:139,(anonymous_5)
FN:140,(anonymous_6)
FN:148,(anonymous_7)
FN:166,(anonymous_8)
FN:166,(anonymous_9)
FN:166,(anonymous_10)
FN:171,(anonymous_11)
FN:171,(anonymous_12)
FN:171,(anonymous_13)
FN:172,(anonymous_14)
FN:173,(anonymous_15)
FN:174,(anonymous_16)
FN:176,(anonymous_17)
FN:180,(anonymous_18)
FNF:19
FNH:0
FNDA:0,Contact
FNDA:0,enviarMensagem
FNDA:0,(anonymous_2)
FNDA:0,(anonymous_3)
FNDA:0,(anonymous_4)
FNDA:0,(anonymous_5)
FNDA:0,(anonymous_6)
FNDA:0,(anonymous_7)
FNDA:0,(anonymous_8)
FNDA:0,(anonymous_9)
FNDA:0,(anonymous_10)
FNDA:0,(anonymous_11)
FNDA:0,(anonymous_12)
FNDA:0,(anonymous_13)
FNDA:0,(anonymous_14)
FNDA:0,(anonymous_15)
FNDA:0,(anonymous_16)
FNDA:0,(anonymous_17)
FNDA:0,(anonymous_18)
DA:13,0
DA:34,0
DA:35,0
DA:36,0
DA:37,0
DA:38,0
DA:40,0
DA:43,0
DA:57,0
DA:101,0
DA:106,0
DA:113,0
DA:116,0
DA:119,0
DA:123,0
DA:124,0
DA:127,0
DA:132,0
DA:138,0
DA:139,0
DA:140,0
DA:144,0
DA:148,0
DA:165,0
DA:166,0
DA:169,0
DA:171,0
DA:172,0
DA:173,0
DA:174,0
DA:176,0
DA:180,0
DA:183,0
DA:187,0
LF:34
LH:0
BRF:0
BRH:0
end_of_record
TN:
SF:src\pages\Home\Home.tsx
FN:6,Home
FNF:1
FNH:0
FNDA:0,Home
DA:7,0
LF:1
LH:0
BRF:0
BRH:0
end_of_record
TN:
SF:src\pages\NotFound\NotFound.tsx
FN:3,NotFound
FN:38,(anonymous_1)
FN:39,(anonymous_2)
FN:41,(anonymous_3)
FNF:4
FNH:0
FNDA:0,NotFound
FNDA:0,(anonymous_1)
FNDA:0,(anonymous_2)
FNDA:0,(anonymous_3)
DA:4,0
DA:15,0
DA:27,0
DA:38,0
DA:39,0
DA:41,0
LF:6
LH:0
BRF:0
BRH:0
end_of_record
TN:
SF:src\services\api.ts
FN:10,get
FNF:1
FNH:1
FNDA:11,get
DA:3,4
DA:11,11
LF:2
LH:2
BRF:0
BRH:0
end_of_record
TN:
SF:src\services\productService.ts
FN:5,(anonymous_0)
FNF:1
FNH:1
FNDA:11,(anonymous_0)
DA:4,4
DA:6,11
DA:7,10
LF:3
LH:3
BRF:0
BRH:0
end_of_record
TN:
SF:src\styles\GlobalStyle.tsx
FN:6,(anonymous_0)
FN:7,(anonymous_1)
FN:8,(anonymous_2)
FNF:3
FNH:0
FNDA:0,(anonymous_0)
FNDA:0,(anonymous_1)
FNDA:0,(anonymous_2)
DA:3,0
DA:6,0
DA:7,0
DA:8,0
LF:4
LH:0
BRF:0
BRH:0
end_of_record
TN:
SF:src\styles\theme.ts
FNF:0
FNH:0
DA:1,7
LF:1
LH:1
BRF:0
BRH:0
end_of_record
TN:
SF:src\types\IProduct.ts
FNF:0
FNH:0
LF:0
LH:0
BRF:0
BRH:0
end_of_record
