TN:
SF:src\test-utils.tsx
FN:9,(anonymous_0)
FN:21,(anonymous_1)
FN:26,(anonymous_2)
FNF:3
FNH:3
FNDA:9,(anonymous_0)
FNDA:9,(anonymous_1)
FNDA:1,(anonymous_2)
DA:9,3
DA:10,9
DA:21,3
DA:24,9
DA:26,3
DA:29,1
DA:30,1
LF:7
LH:7
BRDA:28,0,0,0
BRDA:28,1,0,0
BRF:2
BRH:0
end_of_record
TN:
SF:src\components\ProductCard\ProductCard.tsx
FN:11,(anonymous_0)
FN:16,(anonymous_1)
FN:24,(anonymous_2)
FN:37,(anonymous_3)
FN:53,(anonymous_4)
FNF:5
FNH:5
FNDA:29,(anonymous_0)
FNDA:29,(anonymous_1)
FNDA:1,(anonymous_2)
FNDA:56,(anonymous_3)
FNDA:1,(anonymous_4)
DA:11,2
DA:16,29
DA:17,29
DA:20,29
DA:24,1
DA:38,56
DA:53,1
LF:7
LH:7
BRF:0
BRH:0
end_of_record
TN:
SF:src\components\ProductGrid\ProductGrid.tsx
FN:10,ProductGrid
FN:16,(anonymous_1)
FN:18,(anonymous_2)
FN:21,(anonymous_3)
FN:27,(anonymous_4)
FN:29,(anonymous_5)
FN:40,(anonymous_6)
FN:44,(anonymous_7)
FN:46,(anonymous_8)
FN:56,(anonymous_9)
FN:60,(anonymous_10)
FN:70,(anonymous_11)
FNF:12
FNH:6
FNDA:16,ProductGrid
FNDA:4,(anonymous_1)
FNDA:4,(anonymous_2)
FNDA:0,(anonymous_3)
FNDA:8,(anonymous_4)
FNDA:8,(anonymous_5)
FNDA:0,(anonymous_6)
FNDA:0,(anonymous_7)
FNDA:0,(anonymous_8)
FNDA:0,(anonymous_9)
FNDA:0,(anonymous_10)
FNDA:27,(anonymous_11)
DA:11,16
DA:12,16
DA:13,16
DA:14,16
DA:16,16
DA:17,4
DA:19,4
DA:22,0
DA:27,16
DA:28,8
DA:29,2
DA:30,8
DA:34,6
DA:38,16
DA:40,16
DA:41,0
DA:44,16
DA:45,0
DA:46,0
DA:47,0
DA:48,0
DA:49,0
DA:51,0
DA:52,0
DA:56,16
DA:57,0
DA:60,16
DA:61,0
DA:64,16
DA:71,27
LF:30
LH:19
BRDA:28,0,0,2
BRDA:28,0,1,6
BRDA:30,1,0,8
BRDA:30,1,1,5
BRDA:47,2,0,0
BRDA:47,2,1,0
BRDA:68,3,0,4
BRDA:68,3,1,12
BRF:8
BRH:6
end_of_record
TN:
SF:src\context\CartContext.tsx
FN:25,(anonymous_0)
FN:28,(anonymous_1)
FN:30,(anonymous_2)
FN:37,(anonymous_3)
FNF:4
FNH:2
FNDA:9,(anonymous_0)
FNDA:0,(anonymous_1)
FNDA:0,(anonymous_2)
FNDA:16,(anonymous_3)
DA:23,3
DA:25,3
DA:26,9
DA:28,9
DA:30,9
DA:32,9
DA:37,3
DA:38,16
DA:39,16
DA:40,0
DA:42,16
LF:11
LH:10
BRDA:39,0,0,0
BRDA:39,0,1,16
BRF:2
BRH:1
end_of_record
TN:
SF:src\context\SearchContext.tsx
FN:5,(anonymous_0)
FN:8,(anonymous_1)
FN:11,(anonymous_2)
FNF:3
FNH:2
FNDA:0,(anonymous_0)
FNDA:9,(anonymous_1)
FNDA:9,(anonymous_2)
DA:3,3
DA:5,0
DA:8,3
DA:9,9
DA:11,9
DA:16,9
LF:6
LH:5
BRF:0
BRH:0
end_of_record
TN:
SF:src\mocks\productsMock.ts
FNF:0
FNH:0
DA:1,1
LF:1
LH:1
BRF:0
BRH:0
end_of_record
TN:
SF:src\pages\About\About.tsx
FN:8,About
FNF:1
FNH:1
FNDA:4,About
DA:9,4
LF:1
LH:1
BRF:0
BRH:0
end_of_record
TN:
SF:src\types\IProduct.ts
FNF:0
FNH:0
LF:0
LH:0
BRF:0
BRH:0
end_of_record
